 1  1 uniform    std          158394 ops/s write 0
 1  1 uniform    std          162040 ops/s read 0
 1  1 uniform    chashmap    1498353 ops/s write 0
 1  1 uniform    chashmap    1634056 ops/s read 0
 1  1 uniform    ccl::DHashMap  2559753 ops/s write 0
 1  1 uniform    ccl::DHashMap  3799135 ops/s read 0
 1  1 uniform    concache::manual  1210613 ops/s write 0
 1  1 uniform    concache::manual  2939068 ops/s read 0
 2  1 uniform    std          126425 ops/s write 0
 2  1 uniform    std          305686 ops/s read 0
 2  1 uniform    std          336117 ops/s read 1
 2  1 uniform    chashmap     869600 ops/s write 0
 2  1 uniform    chashmap     750333 ops/s read 0
 2  1 uniform    chashmap    1689261 ops/s read 1
 2  1 uniform    ccl::DHashMap  3086269 ops/s write 0
 2  1 uniform    ccl::DHashMap  3340400 ops/s read 0
 2  1 uniform    ccl::DHashMap  3782630 ops/s read 1
 2  1 uniform    concache::manual  1130800 ops/s write 0
 2  1 uniform    concache::manual  2941920 ops/s read 0
 2  1 uniform    concache::manual  3005612 ops/s read 1
 4  1 uniform    std           70237 ops/s write 0
 4  1 uniform    std          466767 ops/s read 0
 4  1 uniform    std          450016 ops/s read 1
 4  1 uniform    std          468562 ops/s read 2
 4  1 uniform    std          528496 ops/s read 3
 4  1 uniform    chashmap     435538 ops/s write 0
 4  1 uniform    chashmap     688577 ops/s read 0
 4  1 uniform    chashmap     618788 ops/s read 1
 4  1 uniform    chashmap     378146 ops/s read 2
 4  1 uniform    chashmap     373028 ops/s read 3
 4  1 uniform    ccl::DHashMap  2869318 ops/s write 0
 4  1 uniform    ccl::DHashMap  3520739 ops/s read 0
 4  1 uniform    ccl::DHashMap  3355286 ops/s read 1
 4  1 uniform    ccl::DHashMap  3315112 ops/s read 2
 4  1 uniform    ccl::DHashMap  3595955 ops/s read 3
 4  1 uniform    concache::manual   807213 ops/s write 0
 4  1 uniform    concache::manual  3061026 ops/s read 0
 4  1 uniform    concache::manual  3159846 ops/s read 1
 4  1 uniform    concache::manual  3158048 ops/s read 2
 4  1 uniform    concache::manual  3150648 ops/s read 3
 8  1 uniform    std            1102 ops/s write 0
 8  1 uniform    std          365959 ops/s read 0
 8  1 uniform    std          469589 ops/s read 1
 8  1 uniform    std          350240 ops/s read 2
 8  1 uniform    std          362445 ops/s read 3
 8  1 uniform    std          370669 ops/s read 4
 8  1 uniform    std          374111 ops/s read 5
 8  1 uniform    std          377246 ops/s read 6
 8  1 uniform    std          380860 ops/s read 7
 8  1 uniform    chashmap     303506 ops/s write 0
 8  1 uniform    chashmap     258297 ops/s read 0
 8  1 uniform    chashmap     237662 ops/s read 1
 8  1 uniform    chashmap     294948 ops/s read 2
 8  1 uniform    chashmap     232043 ops/s read 3
 8  1 uniform    chashmap     292977 ops/s read 4
 8  1 uniform    chashmap     296645 ops/s read 5
 8  1 uniform    chashmap     296342 ops/s read 6
 8  1 uniform    chashmap     298512 ops/s read 7
 8  1 uniform    ccl::DHashMap  2652958 ops/s write 0
 8  1 uniform    ccl::DHashMap  3289408 ops/s read 0
 8  1 uniform    ccl::DHashMap  3333874 ops/s read 1
 8  1 uniform    ccl::DHashMap  3519593 ops/s read 2
 8  1 uniform    ccl::DHashMap  3361784 ops/s read 3
 8  1 uniform    ccl::DHashMap  3520027 ops/s read 4
 8  1 uniform    ccl::DHashMap  3492377 ops/s read 5
 8  1 uniform    ccl::DHashMap  3490704 ops/s read 6
 8  1 uniform    ccl::DHashMap  3362000 ops/s read 7
 8  1 uniform    concache::manual   645696 ops/s write 0
 8  1 uniform    concache::manual  3049974 ops/s read 0
 8  1 uniform    concache::manual  3058174 ops/s read 1
 8  1 uniform    concache::manual  3097578 ops/s read 2
 8  1 uniform    concache::manual  3097972 ops/s read 3
 8  1 uniform    concache::manual  3094571 ops/s read 4
 8  1 uniform    concache::manual  2996368 ops/s read 5
 8  1 uniform    concache::manual  3018168 ops/s read 6
 8  1 uniform    concache::manual  2997969 ops/s read 7
16  1 uniform    std              10 ops/s write 0
16  1 uniform    std          153711 ops/s read 0
16  1 uniform    std          140471 ops/s read 1
16  1 uniform    std          142516 ops/s read 2
16  1 uniform    std          140865 ops/s read 3
16  1 uniform    std          144060 ops/s read 4
16  1 uniform    std          126450 ops/s read 5
16  1 uniform    std          126223 ops/s read 6
16  1 uniform    std          139079 ops/s read 7
16  1 uniform    std          135100 ops/s read 8
16  1 uniform    std          142885 ops/s read 9
16  1 uniform    std          206793 ops/s read 10
16  1 uniform    std          136211 ops/s read 11
16  1 uniform    std          138569 ops/s read 12
16  1 uniform    std          172881 ops/s read 13
16  1 uniform    std          129200 ops/s read 14
16  1 uniform    std          138298 ops/s read 15
16  1 uniform    chashmap     113828 ops/s write 0
16  1 uniform    chashmap     113376 ops/s read 0
16  1 uniform    chashmap     145938 ops/s read 1
16  1 uniform    chashmap     120676 ops/s read 2
16  1 uniform    chashmap     121861 ops/s read 3
16  1 uniform    chashmap     143292 ops/s read 4
16  1 uniform    chashmap     142058 ops/s read 5
16  1 uniform    chashmap     180638 ops/s read 6
16  1 uniform    chashmap     149806 ops/s read 7
16  1 uniform    chashmap     120562 ops/s read 8
16  1 uniform    chashmap     141871 ops/s read 9
16  1 uniform    chashmap     151464 ops/s read 10
16  1 uniform    chashmap     140032 ops/s read 11
16  1 uniform    chashmap     149122 ops/s read 12
16  1 uniform    chashmap     144153 ops/s read 13
16  1 uniform    chashmap     158220 ops/s read 14
16  1 uniform    chashmap     112629 ops/s read 15
16  1 uniform    ccl::DHashMap  2521315 ops/s write 0
16  1 uniform    ccl::DHashMap  3231728 ops/s read 0
16  1 uniform    ccl::DHashMap  3060146 ops/s read 1
16  1 uniform    ccl::DHashMap  3071355 ops/s read 2
16  1 uniform    ccl::DHashMap  3238655 ops/s read 3
16  1 uniform    ccl::DHashMap  3272709 ops/s read 4
16  1 uniform    ccl::DHashMap  3060917 ops/s read 5
16  1 uniform    ccl::DHashMap  3072652 ops/s read 6
16  1 uniform    ccl::DHashMap  3251490 ops/s read 7
16  1 uniform    ccl::DHashMap  3070542 ops/s read 8
16  1 uniform    ccl::DHashMap  3406342 ops/s read 9
16  1 uniform    ccl::DHashMap  3397308 ops/s read 10
16  1 uniform    ccl::DHashMap  3222885 ops/s read 11
16  1 uniform    ccl::DHashMap  3062287 ops/s read 12
16  1 uniform    ccl::DHashMap  3156920 ops/s read 13
16  1 uniform    ccl::DHashMap  3370728 ops/s read 14
16  1 uniform    ccl::DHashMap  3342883 ops/s read 15
16  1 uniform    concache::manual   690651 ops/s write 0
16  1 uniform    concache::manual  2967998 ops/s read 0
16  1 uniform    concache::manual  2948579 ops/s read 1
16  1 uniform    concache::manual  3131738 ops/s read 2
16  1 uniform    concache::manual  3099980 ops/s read 3
16  1 uniform    concache::manual  2973800 ops/s read 4
16  1 uniform    concache::manual  2894080 ops/s read 5
16  1 uniform    concache::manual  2972234 ops/s read 6
16  1 uniform    concache::manual  2956616 ops/s read 7
16  1 uniform    concache::manual  2986394 ops/s read 8
16  1 uniform    concache::manual  2960372 ops/s read 9
16  1 uniform    concache::manual  3146976 ops/s read 10
16  1 uniform    concache::manual  3036963 ops/s read 11
16  1 uniform    concache::manual  2896717 ops/s read 12
16  1 uniform    concache::manual  2997398 ops/s read 13
16  1 uniform    concache::manual  3026590 ops/s read 14
16  1 uniform    concache::manual  2998527 ops/s read 15
32  1 uniform    std               0 ops/s write 0
32  1 uniform    std          128092 ops/s read 0
32  1 uniform    std          128166 ops/s read 1
32  1 uniform    std          128037 ops/s read 2
32  1 uniform    std          186844 ops/s read 3
32  1 uniform    std          182739 ops/s read 4
32  1 uniform    std          140442 ops/s read 5
32  1 uniform    std           99296 ops/s read 6
32  1 uniform    std          177248 ops/s read 7
32  1 uniform    std          127751 ops/s read 8
32  1 uniform    std          102844 ops/s read 9
32  1 uniform    std          106592 ops/s read 10
32  1 uniform    std          138139 ops/s read 11
32  1 uniform    std           88479 ops/s read 12
32  1 uniform    std          139042 ops/s read 13
32  1 uniform    std          128196 ops/s read 14
32  1 uniform    std          125387 ops/s read 15
32  1 uniform    std          126679 ops/s read 16
32  1 uniform    std          128110 ops/s read 17
32  1 uniform    std          127833 ops/s read 18
32  1 uniform    std           83891 ops/s read 19
32  1 uniform    std          127988 ops/s read 20
32  1 uniform    std          132134 ops/s read 21
32  1 uniform    std          149352 ops/s read 22
32  1 uniform    std          127784 ops/s read 23
32  1 uniform    std           88143 ops/s read 24
32  1 uniform    std           85443 ops/s read 25
32  1 uniform    std          106801 ops/s read 26
32  1 uniform    std          105496 ops/s read 27
32  1 uniform    std          124392 ops/s read 28
32  1 uniform    std          124550 ops/s read 29
32  1 uniform    std          100910 ops/s read 30
32  1 uniform    std           90493 ops/s read 31
32  1 uniform    chashmap      58304 ops/s write 0
32  1 uniform    chashmap      83090 ops/s read 0
32  1 uniform    chashmap      83090 ops/s read 1
32  1 uniform    chashmap      82397 ops/s read 2
32  1 uniform    chashmap      80149 ops/s read 3
32  1 uniform    chashmap      80804 ops/s read 4
32  1 uniform    chashmap      82657 ops/s read 5
32  1 uniform    chashmap      65867 ops/s read 6
32  1 uniform    chashmap      61099 ops/s read 7
32  1 uniform    chashmap      59531 ops/s read 8
32  1 uniform    chashmap      81971 ops/s read 9
32  1 uniform    chashmap      81879 ops/s read 10
32  1 uniform    chashmap     115750 ops/s read 11
32  1 uniform    chashmap      82734 ops/s read 12
32  1 uniform    chashmap      66587 ops/s read 13
32  1 uniform    chashmap     115397 ops/s read 14
32  1 uniform    chashmap      81060 ops/s read 15
32  1 uniform    chashmap      64966 ops/s read 16
32  1 uniform    chashmap      82686 ops/s read 17
32  1 uniform    chashmap      82868 ops/s read 18
32  1 uniform    chashmap      62445 ops/s read 19
32  1 uniform    chashmap      79793 ops/s read 20
32  1 uniform    chashmap      70420 ops/s read 21
32  1 uniform    chashmap      65842 ops/s read 22
32  1 uniform    chashmap     118885 ops/s read 23
32  1 uniform    chashmap      63992 ops/s read 24
32  1 uniform    chashmap      71081 ops/s read 25
32  1 uniform    chashmap      60438 ops/s read 26
32  1 uniform    chashmap      57362 ops/s read 27
32  1 uniform    chashmap      81250 ops/s read 28
32  1 uniform    chashmap      59334 ops/s read 29
32  1 uniform    chashmap      57646 ops/s read 30
32  1 uniform    chashmap      63078 ops/s read 31
32  1 uniform    ccl::DHashMap  1960372 ops/s write 0
32  1 uniform    ccl::DHashMap  2028700 ops/s read 0
32  1 uniform    ccl::DHashMap  2415245 ops/s read 1
32  1 uniform    ccl::DHashMap  2440706 ops/s read 2
32  1 uniform    ccl::DHashMap  2236711 ops/s read 3
32  1 uniform    ccl::DHashMap  2518481 ops/s read 4
32  1 uniform    ccl::DHashMap  2381901 ops/s read 5
32  1 uniform    ccl::DHashMap  2493432 ops/s read 6
32  1 uniform    ccl::DHashMap  2522359 ops/s read 7
32  1 uniform    ccl::DHashMap  2514894 ops/s read 8
32  1 uniform    ccl::DHashMap  2438036 ops/s read 9
32  1 uniform    ccl::DHashMap  2409410 ops/s read 10
32  1 uniform    ccl::DHashMap  2441838 ops/s read 11
32  1 uniform    ccl::DHashMap  2356229 ops/s read 12
32  1 uniform    ccl::DHashMap  2386203 ops/s read 13
32  1 uniform    ccl::DHashMap  3036715 ops/s read 14
32  1 uniform    ccl::DHashMap  2438809 ops/s read 15
32  1 uniform    ccl::DHashMap  2407470 ops/s read 16
32  1 uniform    ccl::DHashMap  2428593 ops/s read 17
32  1 uniform    ccl::DHashMap  2660781 ops/s read 18
32  1 uniform    ccl::DHashMap  2020452 ops/s read 19
32  1 uniform    ccl::DHashMap  2504987 ops/s read 20
32  1 uniform    ccl::DHashMap  1989892 ops/s read 21
32  1 uniform    ccl::DHashMap  2091347 ops/s read 22
32  1 uniform    ccl::DHashMap  1966618 ops/s read 23
32  1 uniform    ccl::DHashMap  1946604 ops/s read 24
32  1 uniform    ccl::DHashMap  1956229 ops/s read 25
32  1 uniform    ccl::DHashMap  2043779 ops/s read 26
32  1 uniform    ccl::DHashMap  1920846 ops/s read 27
32  1 uniform    ccl::DHashMap  1978296 ops/s read 28
32  1 uniform    ccl::DHashMap  2400810 ops/s read 29
32  1 uniform    ccl::DHashMap  1934554 ops/s read 30
32  1 uniform    ccl::DHashMap  2988703 ops/s read 31
32  1 uniform    concache::manual   456718 ops/s write 0
32  1 uniform    concache::manual  2927336 ops/s read 0
32  1 uniform    concache::manual  2905534 ops/s read 1
32  1 uniform    concache::manual  2395472 ops/s read 2
32  1 uniform    concache::manual  2992936 ops/s read 3
32  1 uniform    concache::manual  2430472 ops/s read 4
32  1 uniform    concache::manual  2979134 ops/s read 5
32  1 uniform    concache::manual  2404866 ops/s read 6
32  1 uniform    concache::manual  2402665 ops/s read 7
32  1 uniform    concache::manual  2391065 ops/s read 8
32  1 uniform    concache::manual  2948732 ops/s read 9
32  1 uniform    concache::manual  2401666 ops/s read 10
32  1 uniform    concache::manual  2399265 ops/s read 11
32  1 uniform    concache::manual  2410072 ops/s read 12
32  1 uniform    concache::manual  2383065 ops/s read 13
32  1 uniform    concache::manual  2394262 ops/s read 14
32  1 uniform    concache::manual  2410865 ops/s read 15
32  1 uniform    concache::manual  2354666 ops/s read 16
32  1 uniform    concache::manual  2376062 ops/s read 17
32  1 uniform    concache::manual  2532682 ops/s read 18
32  1 uniform    concache::manual  3002337 ops/s read 19
32  1 uniform    concache::manual  2407469 ops/s read 20
32  1 uniform    concache::manual  2354861 ops/s read 21
32  1 uniform    concache::manual  2405465 ops/s read 22
32  1 uniform    concache::manual  2489263 ops/s read 23
32  1 uniform    concache::manual  2425261 ops/s read 24
32  1 uniform    concache::manual  2364865 ops/s read 25
32  1 uniform    concache::manual  2931330 ops/s read 26
32  1 uniform    concache::manual  2394461 ops/s read 27
32  1 uniform    concache::manual  2452463 ops/s read 28
32  1 uniform    concache::manual  2357464 ops/s read 29
32  1 uniform    concache::manual  2401673 ops/s read 30
32  1 uniform    concache::manual  2374870 ops/s read 31
 1  1 skewed     std          188576 ops/s write 0
 1  1 skewed     std          188700 ops/s read 0
 1  1 skewed     chashmap    1567933 ops/s write 0
 1  1 skewed     chashmap    1753092 ops/s read 0
 1  1 skewed     ccl::DHashMap  2714949 ops/s write 0
 1  1 skewed     ccl::DHashMap  3672135 ops/s read 0
 1  1 skewed     concache::manual  1348023 ops/s write 0
 1  1 skewed     concache::manual  3359738 ops/s read 0
 2  1 skewed     std          130982 ops/s write 0
 2  1 skewed     std          376365 ops/s read 0
 2  1 skewed     std          364059 ops/s read 1
 2  1 skewed     chashmap     826781 ops/s write 0
 2  1 skewed     chashmap    1537047 ops/s read 0
 2  1 skewed     chashmap     749530 ops/s read 1
 2  1 skewed     ccl::DHashMap  3078883 ops/s write 0
 2  1 skewed     ccl::DHashMap  3193003 ops/s read 0
 2  1 skewed     ccl::DHashMap  3652945 ops/s read 1
 2  1 skewed     concache::manual  1175047 ops/s write 0
 2  1 skewed     concache::manual  2960448 ops/s read 0
 2  1 skewed     concache::manual  2967050 ops/s read 1
 4  1 skewed     std           62877 ops/s write 0
 4  1 skewed     std          311924 ops/s read 0
 4  1 skewed     std          363809 ops/s read 1
 4  1 skewed     std          348045 ops/s read 2
 4  1 skewed     std          313891 ops/s read 3
 4  1 skewed     chashmap     401454 ops/s write 0
 4  1 skewed     chashmap     652848 ops/s read 0
 4  1 skewed     chashmap     705769 ops/s read 1
 4  1 skewed     chashmap     345201 ops/s read 2
 4  1 skewed     chashmap     344508 ops/s read 3
 4  1 skewed     ccl::DHashMap  2800195 ops/s write 0
 4  1 skewed     ccl::DHashMap  3408452 ops/s read 0
 4  1 skewed     ccl::DHashMap  3108866 ops/s read 1
 4  1 skewed     ccl::DHashMap  3139783 ops/s read 2
 4  1 skewed     ccl::DHashMap  3406880 ops/s read 3
 4  1 skewed     concache::manual  1248653 ops/s write 0
 4  1 skewed     concache::manual  3668070 ops/s read 0
 4  1 skewed     concache::manual  3670471 ops/s read 1
 4  1 skewed     concache::manual  3553405 ops/s read 2
 4  1 skewed     concache::manual  3583633 ops/s read 3
 8  1 skewed     std            1264 ops/s write 0
 8  1 skewed     std          439574 ops/s read 0
 8  1 skewed     std          355684 ops/s read 1
 8  1 skewed     std          401570 ops/s read 2
 8  1 skewed     std          351735 ops/s read 3
 8  1 skewed     std          345248 ops/s read 4
 8  1 skewed     std          341137 ops/s read 5
 8  1 skewed     std          345960 ops/s read 6
 8  1 skewed     std          382216 ops/s read 7
 8  1 skewed     chashmap     370913 ops/s write 0
 8  1 skewed     chashmap     283610 ops/s read 0
 8  1 skewed     chashmap     290857 ops/s read 1
 8  1 skewed     chashmap     273913 ops/s read 2
 8  1 skewed     chashmap     237472 ops/s read 3
 8  1 skewed     chashmap     229323 ops/s read 4
 8  1 skewed     chashmap     278069 ops/s read 5
 8  1 skewed     chashmap     280647 ops/s read 6
 8  1 skewed     chashmap     291442 ops/s read 7
 8  1 skewed     ccl::DHashMap  2334583 ops/s write 0
 8  1 skewed     ccl::DHashMap  2790925 ops/s read 0
 8  1 skewed     ccl::DHashMap  2734994 ops/s read 1
 8  1 skewed     ccl::DHashMap  2788110 ops/s read 2
 8  1 skewed     ccl::DHashMap  2778896 ops/s read 3
 8  1 skewed     ccl::DHashMap  2790172 ops/s read 4
 8  1 skewed     ccl::DHashMap  2772207 ops/s read 5
 8  1 skewed     ccl::DHashMap  2772441 ops/s read 6
 8  1 skewed     ccl::DHashMap  2753008 ops/s read 7
 8  1 skewed     concache::manual   894613 ops/s write 0
 8  1 skewed     concache::manual  3670026 ops/s read 0
 8  1 skewed     concache::manual  3722219 ops/s read 1
 8  1 skewed     concache::manual  3756472 ops/s read 2
 8  1 skewed     concache::manual  3762877 ops/s read 3
 8  1 skewed     concache::manual  3759682 ops/s read 4
 8  1 skewed     concache::manual  3693998 ops/s read 5
 8  1 skewed     concache::manual  3708010 ops/s read 6
 8  1 skewed     concache::manual  3684389 ops/s read 7
16  1 skewed     std              10 ops/s write 0
16  1 skewed     std          163393 ops/s read 0
16  1 skewed     std          146100 ops/s read 1
16  1 skewed     std          149516 ops/s read 2
16  1 skewed     std          136028 ops/s read 3
16  1 skewed     std          143385 ops/s read 4
16  1 skewed     std          142553 ops/s read 5
16  1 skewed     std          149335 ops/s read 6
16  1 skewed     std          144836 ops/s read 7
16  1 skewed     std          169935 ops/s read 8
16  1 skewed     std          205759 ops/s read 9
16  1 skewed     std          143030 ops/s read 10
16  1 skewed     std          131229 ops/s read 11
16  1 skewed     std          142537 ops/s read 12
16  1 skewed     std          142186 ops/s read 13
16  1 skewed     std          142930 ops/s read 14
16  1 skewed     std          146744 ops/s read 15
16  1 skewed     chashmap     164905 ops/s write 0
16  1 skewed     chashmap     143349 ops/s read 0
16  1 skewed     chashmap     151561 ops/s read 1
16  1 skewed     chashmap     152707 ops/s read 2
16  1 skewed     chashmap     137347 ops/s read 3
16  1 skewed     chashmap     151526 ops/s read 4
16  1 skewed     chashmap     192709 ops/s read 5
16  1 skewed     chashmap     145463 ops/s read 6
16  1 skewed     chashmap     144883 ops/s read 7
16  1 skewed     chashmap     142828 ops/s read 8
16  1 skewed     chashmap     140468 ops/s read 9
16  1 skewed     chashmap     148923 ops/s read 10
16  1 skewed     chashmap     173490 ops/s read 11
16  1 skewed     chashmap     162522 ops/s read 12
16  1 skewed     chashmap     146002 ops/s read 13
16  1 skewed     chashmap     232836 ops/s read 14
16  1 skewed     chashmap     153053 ops/s read 15
16  1 skewed     ccl::DHashMap  1027076 ops/s write 0
16  1 skewed     ccl::DHashMap   974416 ops/s read 0
16  1 skewed     ccl::DHashMap  1037400 ops/s read 1
16  1 skewed     ccl::DHashMap   909737 ops/s read 2
16  1 skewed     ccl::DHashMap   851352 ops/s read 3
16  1 skewed     ccl::DHashMap  1366839 ops/s read 4
16  1 skewed     ccl::DHashMap  1305243 ops/s read 5
16  1 skewed     ccl::DHashMap   993886 ops/s read 6
16  1 skewed     ccl::DHashMap  1000497 ops/s read 7
16  1 skewed     ccl::DHashMap   785475 ops/s read 8
16  1 skewed     ccl::DHashMap  1254100 ops/s read 9
16  1 skewed     ccl::DHashMap   829742 ops/s read 10
16  1 skewed     ccl::DHashMap  1130276 ops/s read 11
16  1 skewed     ccl::DHashMap  1047994 ops/s read 12
16  1 skewed     ccl::DHashMap   851756 ops/s read 13
16  1 skewed     ccl::DHashMap   877155 ops/s read 14
16  1 skewed     ccl::DHashMap  1002939 ops/s read 15
16  1 skewed     concache::manual   838613 ops/s write 0
16  1 skewed     concache::manual  3754000 ops/s read 0
16  1 skewed     concache::manual  3689200 ops/s read 1
16  1 skewed     concache::manual  3532000 ops/s read 2
16  1 skewed     concache::manual  3501800 ops/s read 3
16  1 skewed     concache::manual  3664600 ops/s read 4
16  1 skewed     concache::manual  3628000 ops/s read 5
16  1 skewed     concache::manual  3597000 ops/s read 6
16  1 skewed     concache::manual  3609200 ops/s read 7
16  1 skewed     concache::manual  3591800 ops/s read 8
16  1 skewed     concache::manual  3597000 ops/s read 9
16  1 skewed     concache::manual  3602000 ops/s read 10
16  1 skewed     concache::manual  3549800 ops/s read 11
16  1 skewed     concache::manual  3490200 ops/s read 12
16  1 skewed     concache::manual  3446000 ops/s read 13
16  1 skewed     concache::manual  3597200 ops/s read 14
16  1 skewed     concache::manual  3597600 ops/s read 15
32  1 skewed     std               0 ops/s write 0
32  1 skewed     std          201832 ops/s read 0
32  1 skewed     std           89698 ops/s read 1
32  1 skewed     std          134245 ops/s read 2
32  1 skewed     std          114116 ops/s read 3
32  1 skewed     std          132851 ops/s read 4
32  1 skewed     std          129833 ops/s read 5
32  1 skewed     std          133702 ops/s read 6
32  1 skewed     std          134303 ops/s read 7
32  1 skewed     std          200877 ops/s read 8
32  1 skewed     std          134310 ops/s read 9
32  1 skewed     std          130416 ops/s read 10
32  1 skewed     std          133360 ops/s read 11
32  1 skewed     std          134974 ops/s read 12
32  1 skewed     std          142167 ops/s read 13
32  1 skewed     std          141570 ops/s read 14
32  1 skewed     std          202562 ops/s read 15
32  1 skewed     std          133195 ops/s read 16
32  1 skewed     std          198369 ops/s read 17
32  1 skewed     std           92351 ops/s read 18
32  1 skewed     std           92617 ops/s read 19
32  1 skewed     std          116004 ops/s read 20
32  1 skewed     std           88975 ops/s read 21
32  1 skewed     std          128717 ops/s read 22
32  1 skewed     std          133078 ops/s read 23
32  1 skewed     std          133478 ops/s read 24
32  1 skewed     std          132440 ops/s read 25
32  1 skewed     std           91986 ops/s read 26
32  1 skewed     std           97921 ops/s read 27
32  1 skewed     std           91151 ops/s read 28
32  1 skewed     std          109742 ops/s read 29
32  1 skewed     std          112178 ops/s read 30
32  1 skewed     std          149513 ops/s read 31
32  1 skewed     chashmap      52376 ops/s write 0
32  1 skewed     chashmap     125806 ops/s read 0
32  1 skewed     chashmap      85571 ops/s read 1
32  1 skewed     chashmap      61790 ops/s read 2
32  1 skewed     chashmap      58586 ops/s read 3
32  1 skewed     chashmap      84848 ops/s read 4
32  1 skewed     chashmap      84397 ops/s read 5
32  1 skewed     chashmap      83618 ops/s read 6
32  1 skewed     chashmap      61184 ops/s read 7
32  1 skewed     chashmap     131435 ops/s read 8
32  1 skewed     chashmap      84018 ops/s read 9
32  1 skewed     chashmap      59838 ops/s read 10
32  1 skewed     chashmap      62100 ops/s read 11
32  1 skewed     chashmap      60134 ops/s read 12
32  1 skewed     chashmap      83410 ops/s read 13
32  1 skewed     chashmap      84510 ops/s read 14
32  1 skewed     chashmap      84866 ops/s read 15
32  1 skewed     chashmap      64410 ops/s read 16
32  1 skewed     chashmap     128784 ops/s read 17
32  1 skewed     chashmap      84426 ops/s read 18
32  1 skewed     chashmap      55001 ops/s read 19
32  1 skewed     chashmap      61830 ops/s read 20
32  1 skewed     chashmap      84077 ops/s read 21
32  1 skewed     chashmap      70639 ops/s read 22
32  1 skewed     chashmap      57294 ops/s read 23
32  1 skewed     chashmap      83402 ops/s read 24
32  1 skewed     chashmap      83546 ops/s read 25
32  1 skewed     chashmap      55167 ops/s read 26
32  1 skewed     chashmap      61325 ops/s read 27
32  1 skewed     chashmap      83774 ops/s read 28
32  1 skewed     chashmap      84820 ops/s read 29
32  1 skewed     chashmap      59624 ops/s read 30
32  1 skewed     chashmap      64506 ops/s read 31
32  1 skewed     ccl::DHashMap   456593 ops/s write 0
32  1 skewed     ccl::DHashMap   417300 ops/s read 0
32  1 skewed     ccl::DHashMap   400097 ops/s read 1
32  1 skewed     ccl::DHashMap   294241 ops/s read 2
32  1 skewed     ccl::DHashMap   320210 ops/s read 3
32  1 skewed     ccl::DHashMap   285859 ops/s read 4
32  1 skewed     ccl::DHashMap   347401 ops/s read 5
32  1 skewed     ccl::DHashMap   284455 ops/s read 6
32  1 skewed     ccl::DHashMap   357730 ops/s read 7
32  1 skewed     ccl::DHashMap   277119 ops/s read 8
32  1 skewed     ccl::DHashMap   377846 ops/s read 9
32  1 skewed     ccl::DHashMap   291740 ops/s read 10
32  1 skewed     ccl::DHashMap   279493 ops/s read 11
32  1 skewed     ccl::DHashMap   359467 ops/s read 12
32  1 skewed     ccl::DHashMap   342016 ops/s read 13
32  1 skewed     ccl::DHashMap   311362 ops/s read 14
32  1 skewed     ccl::DHashMap   283742 ops/s read 15
32  1 skewed     ccl::DHashMap   328454 ops/s read 16
32  1 skewed     ccl::DHashMap   292992 ops/s read 17
32  1 skewed     ccl::DHashMap   330312 ops/s read 18
32  1 skewed     ccl::DHashMap   584034 ops/s read 19
32  1 skewed     ccl::DHashMap   621767 ops/s read 20
32  1 skewed     ccl::DHashMap   624345 ops/s read 21
32  1 skewed     ccl::DHashMap   552440 ops/s read 22
32  1 skewed     ccl::DHashMap   609447 ops/s read 23
32  1 skewed     ccl::DHashMap   576186 ops/s read 24
32  1 skewed     ccl::DHashMap   562052 ops/s read 25
32  1 skewed     ccl::DHashMap   697602 ops/s read 26
32  1 skewed     ccl::DHashMap   751074 ops/s read 27
32  1 skewed     ccl::DHashMap   581592 ops/s read 28
32  1 skewed     ccl::DHashMap   553674 ops/s read 29
32  1 skewed     ccl::DHashMap   550449 ops/s read 30
32  1 skewed     ccl::DHashMap   514636 ops/s read 31
32  1 skewed     concache::manual   548395 ops/s write 0
32  1 skewed     concache::manual  2932887 ops/s read 0
32  1 skewed     concache::manual  2959693 ops/s read 1
32  1 skewed     concache::manual  2855051 ops/s read 2
32  1 skewed     concache::manual  2959692 ops/s read 3
32  1 skewed     concache::manual  2966302 ops/s read 4
32  1 skewed     concache::manual  3595939 ops/s read 5
32  1 skewed     concache::manual  2951495 ops/s read 6
32  1 skewed     concache::manual  2904473 ops/s read 7
32  1 skewed     concache::manual  2923673 ops/s read 8
32  1 skewed     concache::manual  2960494 ops/s read 9
32  1 skewed     concache::manual  2954500 ops/s read 10
32  1 skewed     concache::manual  3634735 ops/s read 11
32  1 skewed     concache::manual  2964698 ops/s read 12
32  1 skewed     concache::manual  2956681 ops/s read 13
32  1 skewed     concache::manual  2957097 ops/s read 14
32  1 skewed     concache::manual  2931284 ops/s read 15
32  1 skewed     concache::manual  2968293 ops/s read 16
32  1 skewed     concache::manual  2919479 ops/s read 17
32  1 skewed     concache::manual  2954496 ops/s read 18
32  1 skewed     concache::manual  3717537 ops/s read 19
32  1 skewed     concache::manual  3662146 ops/s read 20
32  1 skewed     concache::manual  2941891 ops/s read 21
32  1 skewed     concache::manual  2960685 ops/s read 22
32  1 skewed     concache::manual  3042686 ops/s read 23
32  1 skewed     concache::manual  3741553 ops/s read 24
32  1 skewed     concache::manual  3717344 ops/s read 25
32  1 skewed     concache::manual  3733155 ops/s read 26
32  1 skewed     concache::manual  2923689 ops/s read 27
32  1 skewed     concache::manual  3086970 ops/s read 28
32  1 skewed     concache::manual  2874271 ops/s read 29
32  1 skewed     concache::manual  3009882 ops/s read 30
32  1 skewed     concache::manual  2812645 ops/s read 31
 1  2 uniform    std           62890 ops/s write 0
 1  2 uniform    std          131172 ops/s write 1
 1  2 uniform    std          409274 ops/s read 0
 1  2 uniform    chashmap     866781 ops/s write 0
 1  2 uniform    chashmap     863660 ops/s write 1
 1  2 uniform    chashmap    1559126 ops/s read 0
 1  2 uniform    ccl::DHashMap  2899522 ops/s write 0
 1  2 uniform    ccl::DHashMap  2902768 ops/s write 1
 1  2 uniform    ccl::DHashMap  3271004 ops/s read 0
 1  2 uniform    concache::manual   973789 ops/s write 0
 1  2 uniform    concache::manual   975795 ops/s write 1
 1  2 uniform    concache::manual  2755323 ops/s read 0
 2  2 uniform    std           49572 ops/s write 0
 2  2 uniform    std           57083 ops/s write 1
 2  2 uniform    std          537668 ops/s read 0
 2  2 uniform    std          359263 ops/s read 1
 2  2 uniform    chashmap     836830 ops/s write 0
 2  2 uniform    chashmap     820543 ops/s write 1
 2  2 uniform    chashmap     565292 ops/s read 0
 2  2 uniform    chashmap     525184 ops/s read 1
 2  2 uniform    ccl::DHashMap  2893144 ops/s write 0
 2  2 uniform    ccl::DHashMap  3012214 ops/s write 1
 2  2 uniform    ccl::DHashMap  3288223 ops/s read 0
 2  2 uniform    ccl::DHashMap  3412808 ops/s read 1
 2  2 uniform    concache::manual   813094 ops/s write 0
 2  2 uniform    concache::manual   854779 ops/s write 1
 2  2 uniform    concache::manual  2895415 ops/s read 0
 2  2 uniform    concache::manual  3006674 ops/s read 1
 4  2 uniform    std           14352 ops/s write 0
 4  2 uniform    std           48957 ops/s write 1
 4  2 uniform    std          427926 ops/s read 0
 4  2 uniform    std          431708 ops/s read 1
 4  2 uniform    std          370302 ops/s read 2
 4  2 uniform    std          460904 ops/s read 3
 4  2 uniform    chashmap     468181 ops/s write 0
 4  2 uniform    chashmap     481595 ops/s write 1
 4  2 uniform    chashmap     405692 ops/s read 0
 4  2 uniform    chashmap     370179 ops/s read 1
 4  2 uniform    chashmap     344385 ops/s read 2
 4  2 uniform    chashmap     391427 ops/s read 3
 4  2 uniform    ccl::DHashMap  2910007 ops/s write 0
 4  2 uniform    ccl::DHashMap  2807417 ops/s write 1
 4  2 uniform    ccl::DHashMap  3252503 ops/s read 0
 4  2 uniform    ccl::DHashMap  3314433 ops/s read 1
 4  2 uniform    ccl::DHashMap  3434884 ops/s read 2
 4  2 uniform    ccl::DHashMap  3421917 ops/s read 3
 4  2 uniform    concache::manual   740800 ops/s write 0
 4  2 uniform    concache::manual   763120 ops/s write 1
 4  2 uniform    concache::manual  2013070 ops/s read 0
 4  2 uniform    concache::manual  2940485 ops/s read 1
 4  2 uniform    concache::manual  2131216 ops/s read 2
 4  2 uniform    concache::manual  3037715 ops/s read 3
 8  2 uniform    std            3333 ops/s write 0
 8  2 uniform    std            2294 ops/s write 1
 8  2 uniform    std          247924 ops/s read 0
 8  2 uniform    std          242908 ops/s read 1
 8  2 uniform    std          243786 ops/s read 2
 8  2 uniform    std          239971 ops/s read 3
 8  2 uniform    std          243487 ops/s read 4
 8  2 uniform    std          275055 ops/s read 5
 8  2 uniform    std          301953 ops/s read 6
 8  2 uniform    std          261948 ops/s read 7
 8  2 uniform    chashmap     210049 ops/s write 0
 8  2 uniform    chashmap     390178 ops/s write 1
 8  2 uniform    chashmap     248457 ops/s read 0
 8  2 uniform    chashmap     185358 ops/s read 1
 8  2 uniform    chashmap     268393 ops/s read 2
 8  2 uniform    chashmap     292256 ops/s read 3
 8  2 uniform    chashmap     256311 ops/s read 4
 8  2 uniform    chashmap     176775 ops/s read 5
 8  2 uniform    chashmap     194600 ops/s read 6
 8  2 uniform    chashmap     187954 ops/s read 7
 8  2 uniform    ccl::DHashMap  2698084 ops/s write 0
 8  2 uniform    ccl::DHashMap  2551491 ops/s write 1
 8  2 uniform    ccl::DHashMap  3287161 ops/s read 0
 8  2 uniform    ccl::DHashMap  3469017 ops/s read 1
 8  2 uniform    ccl::DHashMap  3485217 ops/s read 2
 8  2 uniform    ccl::DHashMap  3148588 ops/s read 3
 8  2 uniform    ccl::DHashMap  3506655 ops/s read 4
 8  2 uniform    ccl::DHashMap  3243652 ops/s read 5
 8  2 uniform    ccl::DHashMap  3501662 ops/s read 6
 8  2 uniform    ccl::DHashMap  3434952 ops/s read 7
 8  2 uniform    concache::manual   651060 ops/s write 0
 8  2 uniform    concache::manual   630768 ops/s write 1
 8  2 uniform    concache::manual  2993053 ops/s read 0
 8  2 uniform    concache::manual  2138616 ops/s read 1
 8  2 uniform    concache::manual  2909620 ops/s read 2
 8  2 uniform    concache::manual  2944046 ops/s read 3
 8  2 uniform    concache::manual  2157445 ops/s read 4
 8  2 uniform    concache::manual  3020360 ops/s read 5
 8  2 uniform    concache::manual  3059463 ops/s read 6
 8  2 uniform    concache::manual  2963219 ops/s read 7
16  2 uniform    std               3 ops/s write 0
16  2 uniform    std               9 ops/s write 1
16  2 uniform    std          134142 ops/s read 0
16  2 uniform    std          145206 ops/s read 1
16  2 uniform    std          153494 ops/s read 2
16  2 uniform    std          154566 ops/s read 3
16  2 uniform    std          141319 ops/s read 4
16  2 uniform    std          141152 ops/s read 5
16  2 uniform    std          145838 ops/s read 6
16  2 uniform    std          133500 ops/s read 7
16  2 uniform    std          155764 ops/s read 8
16  2 uniform    std          136590 ops/s read 9
16  2 uniform    std          212540 ops/s read 10
16  2 uniform    std          129638 ops/s read 11
16  2 uniform    std          142055 ops/s read 12
16  2 uniform    std          180145 ops/s read 13
16  2 uniform    std          145294 ops/s read 14
16  2 uniform    std          143028 ops/s read 15
16  2 uniform    chashmap     184333 ops/s write 0
16  2 uniform    chashmap     239002 ops/s write 1
16  2 uniform    chashmap     133254 ops/s read 0
16  2 uniform    chashmap     136610 ops/s read 1
16  2 uniform    chashmap     129751 ops/s read 2
16  2 uniform    chashmap     131863 ops/s read 3
16  2 uniform    chashmap     123128 ops/s read 4
16  2 uniform    chashmap     126196 ops/s read 5
16  2 uniform    chashmap     130699 ops/s read 6
16  2 uniform    chashmap     121775 ops/s read 7
16  2 uniform    chashmap     122236 ops/s read 8
16  2 uniform    chashmap     127742 ops/s read 9
16  2 uniform    chashmap     134552 ops/s read 10
16  2 uniform    chashmap     127996 ops/s read 11
16  2 uniform    chashmap     155439 ops/s read 12
16  2 uniform    chashmap     146232 ops/s read 13
16  2 uniform    chashmap     131898 ops/s read 14
16  2 uniform    chashmap     125877 ops/s read 15
16  2 uniform    ccl::DHashMap  2339633 ops/s write 0
16  2 uniform    ccl::DHashMap  2538953 ops/s write 1
16  2 uniform    ccl::DHashMap  3231261 ops/s read 0
16  2 uniform    ccl::DHashMap  3075441 ops/s read 1
16  2 uniform    ccl::DHashMap  3096629 ops/s read 2
16  2 uniform    ccl::DHashMap  3204430 ops/s read 3
16  2 uniform    ccl::DHashMap  3112401 ops/s read 4
16  2 uniform    ccl::DHashMap  3189599 ops/s read 5
16  2 uniform    ccl::DHashMap  3282570 ops/s read 6
16  2 uniform    ccl::DHashMap  3135554 ops/s read 7
16  2 uniform    ccl::DHashMap  3352130 ops/s read 8
16  2 uniform    ccl::DHashMap  3067246 ops/s read 9
16  2 uniform    ccl::DHashMap  3060964 ops/s read 10
16  2 uniform    ccl::DHashMap  3411924 ops/s read 11
16  2 uniform    ccl::DHashMap  3179222 ops/s read 12
16  2 uniform    ccl::DHashMap  3406507 ops/s read 13
16  2 uniform    ccl::DHashMap  3256405 ops/s read 14
16  2 uniform    ccl::DHashMap  3185575 ops/s read 15
16  2 uniform    concache::manual   552368 ops/s write 0
16  2 uniform    concache::manual   571200 ops/s write 1
16  2 uniform    concache::manual  2881337 ops/s read 0
16  2 uniform    concache::manual  2873135 ops/s read 1
16  2 uniform    concache::manual  3053541 ops/s read 2
16  2 uniform    concache::manual  2882127 ops/s read 3
16  2 uniform    concache::manual  2896927 ops/s read 4
16  2 uniform    concache::manual  2950735 ops/s read 5
16  2 uniform    concache::manual  2942350 ops/s read 6
16  2 uniform    concache::manual  2853535 ops/s read 7
16  2 uniform    concache::manual  2869533 ops/s read 8
16  2 uniform    concache::manual  2889940 ops/s read 9
16  2 uniform    concache::manual  2861937 ops/s read 10
16  2 uniform    concache::manual  2895537 ops/s read 11
16  2 uniform    concache::manual  2902129 ops/s read 12
16  2 uniform    concache::manual  2886526 ops/s read 13
16  2 uniform    concache::manual  2952131 ops/s read 14
16  2 uniform    concache::manual  2944529 ops/s read 15
32  2 uniform    std               0 ops/s write 0
32  2 uniform    std               0 ops/s write 1
32  2 uniform    std          118581 ops/s read 0
32  2 uniform    std          126020 ops/s read 1
32  2 uniform    std           76693 ops/s read 2
32  2 uniform    std           83651 ops/s read 3
32  2 uniform    std          115303 ops/s read 4
32  2 uniform    std           85286 ops/s read 5
32  2 uniform    std           85359 ops/s read 6
32  2 uniform    std          118098 ops/s read 7
32  2 uniform    std          120676 ops/s read 8
32  2 uniform    std           85289 ops/s read 9
32  2 uniform    std          123926 ops/s read 10
32  2 uniform    std           80928 ops/s read 11
32  2 uniform    std          118942 ops/s read 12
32  2 uniform    std          128060 ops/s read 13
32  2 uniform    std           85216 ops/s read 14
32  2 uniform    std           84413 ops/s read 15
32  2 uniform    std          124962 ops/s read 16
32  2 uniform    std          122109 ops/s read 17
32  2 uniform    std          124864 ops/s read 18
32  2 uniform    std          132733 ops/s read 19
32  2 uniform    std          131470 ops/s read 20
32  2 uniform    std          117169 ops/s read 21
32  2 uniform    std           81232 ops/s read 22
32  2 uniform    std          115097 ops/s read 23
32  2 uniform    std          113543 ops/s read 24
32  2 uniform    std           75844 ops/s read 25
32  2 uniform    std          121646 ops/s read 26
32  2 uniform    std          116884 ops/s read 27
32  2 uniform    std          113535 ops/s read 28
32  2 uniform    std           78854 ops/s read 29
32  2 uniform    std           79070 ops/s read 30
32  2 uniform    std          122599 ops/s read 31
32  2 uniform    chashmap      89006 ops/s write 0
32  2 uniform    chashmap     114761 ops/s write 1
32  2 uniform    chashmap      86324 ops/s read 0
32  2 uniform    chashmap      57658 ops/s read 1
32  2 uniform    chashmap      84176 ops/s read 2
32  2 uniform    chashmap      66732 ops/s read 3
32  2 uniform    chashmap      86311 ops/s read 4
32  2 uniform    chashmap      58934 ops/s read 5
32  2 uniform    chashmap      98520 ops/s read 6
32  2 uniform    chashmap      59518 ops/s read 7
32  2 uniform    chashmap     100635 ops/s read 8
32  2 uniform    chashmap      60464 ops/s read 9
32  2 uniform    chashmap      54471 ops/s read 10
32  2 uniform    chashmap      58793 ops/s read 11
32  2 uniform    chashmap      90805 ops/s read 12
32  2 uniform    chashmap      57407 ops/s read 13
32  2 uniform    chashmap      60324 ops/s read 14
32  2 uniform    chashmap      81028 ops/s read 15
32  2 uniform    chashmap      59405 ops/s read 16
32  2 uniform    chashmap      92619 ops/s read 17
32  2 uniform    chashmap      80566 ops/s read 18
32  2 uniform    chashmap      57819 ops/s read 19
32  2 uniform    chashmap     111054 ops/s read 20
32  2 uniform    chashmap      94046 ops/s read 21
32  2 uniform    chashmap      82983 ops/s read 22
32  2 uniform    chashmap      58839 ops/s read 23
32  2 uniform    chashmap      59150 ops/s read 24
32  2 uniform    chashmap      82773 ops/s read 25
32  2 uniform    chashmap      57791 ops/s read 26
32  2 uniform    chashmap      81395 ops/s read 27
32  2 uniform    chashmap      53740 ops/s read 28
32  2 uniform    chashmap      65405 ops/s read 29
32  2 uniform    chashmap      88484 ops/s read 30
32  2 uniform    chashmap      58526 ops/s read 31
32  2 uniform    ccl::DHashMap  1598452 ops/s write 0
32  2 uniform    ccl::DHashMap  1874753 ops/s write 1
32  2 uniform    ccl::DHashMap  2042315 ops/s read 0
32  2 uniform    ccl::DHashMap  2479901 ops/s read 1
32  2 uniform    ccl::DHashMap  3143741 ops/s read 2
32  2 uniform    ccl::DHashMap  2280423 ops/s read 3
32  2 uniform    ccl::DHashMap  2414107 ops/s read 4
32  2 uniform    ccl::DHashMap  2471063 ops/s read 5
32  2 uniform    ccl::DHashMap  1858281 ops/s read 6
32  2 uniform    ccl::DHashMap  2036568 ops/s read 7
32  2 uniform    ccl::DHashMap  2441770 ops/s read 8
32  2 uniform    ccl::DHashMap  2541633 ops/s read 9
32  2 uniform    ccl::DHashMap  3050034 ops/s read 10
32  2 uniform    ccl::DHashMap  2424428 ops/s read 11
32  2 uniform    ccl::DHashMap  2472174 ops/s read 12
32  2 uniform    ccl::DHashMap  2342764 ops/s read 13
32  2 uniform    ccl::DHashMap  2423456 ops/s read 14
32  2 uniform    ccl::DHashMap  2402357 ops/s read 15
32  2 uniform    ccl::DHashMap  2318916 ops/s read 16
32  2 uniform    ccl::DHashMap  2957151 ops/s read 17
32  2 uniform    ccl::DHashMap  2490393 ops/s read 18
32  2 uniform    ccl::DHashMap  1774628 ops/s read 19
32  2 uniform    ccl::DHashMap  1775284 ops/s read 20
32  2 uniform    ccl::DHashMap  1818390 ops/s read 21
32  2 uniform    ccl::DHashMap  2438784 ops/s read 22
32  2 uniform    ccl::DHashMap  1845455 ops/s read 23
32  2 uniform    ccl::DHashMap  2309945 ops/s read 24
32  2 uniform    ccl::DHashMap  1771554 ops/s read 25
32  2 uniform    ccl::DHashMap  1771459 ops/s read 26
32  2 uniform    ccl::DHashMap  1841968 ops/s read 27
32  2 uniform    ccl::DHashMap  1828683 ops/s read 28
32  2 uniform    ccl::DHashMap  1807674 ops/s read 29
32  2 uniform    ccl::DHashMap  2044086 ops/s read 30
32  2 uniform    ccl::DHashMap  2469619 ops/s read 31
32  2 uniform    concache::manual   399655 ops/s write 0
32  2 uniform    concache::manual   376592 ops/s write 1
32  2 uniform    concache::manual  2276262 ops/s read 0
32  2 uniform    concache::manual  2276661 ops/s read 1
32  2 uniform    concache::manual  2242456 ops/s read 2
32  2 uniform    concache::manual  2640729 ops/s read 3
32  2 uniform    concache::manual  2765931 ops/s read 4
32  2 uniform    concache::manual  2302067 ops/s read 5
32  2 uniform    concache::manual  2287663 ops/s read 6
32  2 uniform    concache::manual  2264061 ops/s read 7
32  2 uniform    concache::manual  2349070 ops/s read 8
32  2 uniform    concache::manual  2291068 ops/s read 9
32  2 uniform    concache::manual  2243860 ops/s read 10
32  2 uniform    concache::manual  2460124 ops/s read 11
32  2 uniform    concache::manual  2224461 ops/s read 12
32  2 uniform    concache::manual  2276262 ops/s read 13
32  2 uniform    concache::manual  2226461 ops/s read 14
32  2 uniform    concache::manual  2774870 ops/s read 15
32  2 uniform    concache::manual  2754926 ops/s read 16
32  2 uniform    concache::manual  2259063 ops/s read 17
32  2 uniform    concache::manual  2311467 ops/s read 18
32  2 uniform    concache::manual  2703123 ops/s read 19
32  2 uniform    concache::manual  2778533 ops/s read 20
32  2 uniform    concache::manual  2309660 ops/s read 21
32  2 uniform    concache::manual  2308663 ops/s read 22
32  2 uniform    concache::manual  2310261 ops/s read 23
32  2 uniform    concache::manual  2300061 ops/s read 24
32  2 uniform    concache::manual  2316464 ops/s read 25
32  2 uniform    concache::manual  2330660 ops/s read 26
32  2 uniform    concache::manual  2261665 ops/s read 27
32  2 uniform    concache::manual  2241266 ops/s read 28
32  2 uniform    concache::manual  2240667 ops/s read 29
32  2 uniform    concache::manual  2206059 ops/s read 30
32  2 uniform    concache::manual  2205863 ops/s read 31
 1  2 skewed     std           68324 ops/s write 0
 1  2 skewed     std           68236 ops/s write 1
 1  2 skewed     std          213042 ops/s read 0
 1  2 skewed     chashmap     827411 ops/s write 0
 1  2 skewed     chashmap     820641 ops/s write 1
 1  2 skewed     chashmap    1589801 ops/s read 0
 1  2 skewed     ccl::DHashMap  2830379 ops/s write 0
 1  2 skewed     ccl::DHashMap  3557318 ops/s write 1
 1  2 skewed     ccl::DHashMap  3624672 ops/s read 0
 1  2 skewed     concache::manual  1054637 ops/s write 0
 1  2 skewed     concache::manual  1054853 ops/s write 1
 1  2 skewed     concache::manual  3160901 ops/s read 0
 2  2 skewed     std           54458 ops/s write 0
 2  2 skewed     std           58636 ops/s write 1
 2  2 skewed     std          785538 ops/s read 0
 2  2 skewed     std          368066 ops/s read 1
 2  2 skewed     chashmap     656598 ops/s write 0
 2  2 skewed     chashmap     667414 ops/s write 1
 2  2 skewed     chashmap     600483 ops/s read 0
 2  2 skewed     chashmap     576735 ops/s read 1
 2  2 skewed     ccl::DHashMap  2704195 ops/s write 0
 2  2 skewed     ccl::DHashMap  2737079 ops/s write 1
 2  2 skewed     ccl::DHashMap  3126192 ops/s read 0
 2  2 skewed     ccl::DHashMap  3136762 ops/s read 1
 2  2 skewed     concache::manual   893017 ops/s write 0
 2  2 skewed     concache::manual   873632 ops/s write 1
 2  2 skewed     concache::manual  3329200 ops/s read 0
 2  2 skewed     concache::manual  3277401 ops/s read 1
 4  2 skewed     std           30734 ops/s write 0
 4  2 skewed     std           33145 ops/s write 1
 4  2 skewed     std          326282 ops/s read 0
 4  2 skewed     std          321348 ops/s read 1
 4  2 skewed     std          357234 ops/s read 2
 4  2 skewed     std          367428 ops/s read 3
 4  2 skewed     chashmap     458304 ops/s write 0
 4  2 skewed     chashmap     466281 ops/s write 1
 4  2 skewed     chashmap     383377 ops/s read 0
 4  2 skewed     chashmap     425448 ops/s read 1
 4  2 skewed     chashmap     366686 ops/s read 2
 4  2 skewed     chashmap     345608 ops/s read 3
 4  2 skewed     ccl::DHashMap  2409487 ops/s write 0
 4  2 skewed     ccl::DHashMap  2475741 ops/s write 1
 4  2 skewed     ccl::DHashMap  2877413 ops/s read 0
 4  2 skewed     ccl::DHashMap  2912209 ops/s read 1
 4  2 skewed     ccl::DHashMap  2937022 ops/s read 2
 4  2 skewed     ccl::DHashMap  2944129 ops/s read 3
 4  2 skewed     concache::manual   815571 ops/s write 0
 4  2 skewed     concache::manual   824525 ops/s write 1
 4  2 skewed     concache::manual  3373340 ops/s read 0
 4  2 skewed     concache::manual  3408540 ops/s read 1
 4  2 skewed     concache::manual  3482139 ops/s read 2
 4  2 skewed     concache::manual  3483139 ops/s read 3
 8  2 skewed     std            1904 ops/s write 0
 8  2 skewed     std            2973 ops/s write 1
 8  2 skewed     std          270778 ops/s read 0
 8  2 skewed     std          261411 ops/s read 1
 8  2 skewed     std          271188 ops/s read 2
 8  2 skewed     std          257379 ops/s read 3
 8  2 skewed     std          270014 ops/s read 4
 8  2 skewed     std          260267 ops/s read 5
 8  2 skewed     std          281483 ops/s read 6
 8  2 skewed     std          307357 ops/s read 7
 8  2 skewed     chashmap     284465 ops/s write 0
 8  2 skewed     chashmap     290432 ops/s write 1
 8  2 skewed     chashmap     246560 ops/s read 0
 8  2 skewed     chashmap     256776 ops/s read 1
 8  2 skewed     chashmap     230706 ops/s read 2
 8  2 skewed     chashmap     233648 ops/s read 3
 8  2 skewed     chashmap     250522 ops/s read 4
 8  2 skewed     chashmap     248237 ops/s read 5
 8  2 skewed     chashmap     248918 ops/s read 6
 8  2 skewed     chashmap     248755 ops/s read 7
 8  2 skewed     ccl::DHashMap  1981931 ops/s write 0
 8  2 skewed     ccl::DHashMap  1979231 ops/s write 1
 8  2 skewed     ccl::DHashMap  2144036 ops/s read 0
 8  2 skewed     ccl::DHashMap  2227868 ops/s read 1
 8  2 skewed     ccl::DHashMap  2163837 ops/s read 2
 8  2 skewed     ccl::DHashMap  2229272 ops/s read 3
 8  2 skewed     ccl::DHashMap  2204983 ops/s read 4
 8  2 skewed     ccl::DHashMap  2225245 ops/s read 5
 8  2 skewed     ccl::DHashMap  2217892 ops/s read 6
 8  2 skewed     ccl::DHashMap  2130008 ops/s read 7
 8  2 skewed     concache::manual   753000 ops/s write 0
 8  2 skewed     concache::manual   746200 ops/s write 1
 8  2 skewed     concache::manual  3565101 ops/s read 0
 8  2 skewed     concache::manual  3471699 ops/s read 1
 8  2 skewed     concache::manual  3589899 ops/s read 2
 8  2 skewed     concache::manual  3516497 ops/s read 3
 8  2 skewed     concache::manual  3537098 ops/s read 4
 8  2 skewed     concache::manual  3573702 ops/s read 5
 8  2 skewed     concache::manual  3540493 ops/s read 6
 8  2 skewed     concache::manual  3547282 ops/s read 7
16  2 skewed     std               5 ops/s write 0
16  2 skewed     std              10 ops/s write 1
16  2 skewed     std          199655 ops/s read 0
16  2 skewed     std          156441 ops/s read 1
16  2 skewed     std          156161 ops/s read 2
16  2 skewed     std          147794 ops/s read 3
16  2 skewed     std          135909 ops/s read 4
16  2 skewed     std          135268 ops/s read 5
16  2 skewed     std          142379 ops/s read 6
16  2 skewed     std          141564 ops/s read 7
16  2 skewed     std          140813 ops/s read 8
16  2 skewed     std          122081 ops/s read 9
16  2 skewed     std          129455 ops/s read 10
16  2 skewed     std          140143 ops/s read 11
16  2 skewed     std          153262 ops/s read 12
16  2 skewed     std          167808 ops/s read 13
16  2 skewed     std          126829 ops/s read 14
16  2 skewed     std          151714 ops/s read 15
16  2 skewed     chashmap     177490 ops/s write 0
16  2 skewed     chashmap     127941 ops/s write 1
16  2 skewed     chashmap     122399 ops/s read 0
16  2 skewed     chashmap     122971 ops/s read 1
16  2 skewed     chashmap     101769 ops/s read 2
16  2 skewed     chashmap     135659 ops/s read 3
16  2 skewed     chashmap      97774 ops/s read 4
16  2 skewed     chashmap     104117 ops/s read 5
16  2 skewed     chashmap     111405 ops/s read 6
16  2 skewed     chashmap     122570 ops/s read 7
16  2 skewed     chashmap     117524 ops/s read 8
16  2 skewed     chashmap     116938 ops/s read 9
16  2 skewed     chashmap     116024 ops/s read 10
16  2 skewed     chashmap     110892 ops/s read 11
16  2 skewed     chashmap     100748 ops/s read 12
16  2 skewed     chashmap     115404 ops/s read 13
16  2 skewed     chashmap     217466 ops/s read 14
16  2 skewed     chashmap     116623 ops/s read 15
16  2 skewed     ccl::DHashMap   846136 ops/s write 0
16  2 skewed     ccl::DHashMap   858552 ops/s write 1
16  2 skewed     ccl::DHashMap  1019819 ops/s read 0
16  2 skewed     ccl::DHashMap  1189098 ops/s read 1
16  2 skewed     ccl::DHashMap   895047 ops/s read 2
16  2 skewed     ccl::DHashMap   816288 ops/s read 3
16  2 skewed     ccl::DHashMap   929538 ops/s read 4
16  2 skewed     ccl::DHashMap   811181 ops/s read 5
16  2 skewed     ccl::DHashMap   860694 ops/s read 6
16  2 skewed     ccl::DHashMap  1092525 ops/s read 7
16  2 skewed     ccl::DHashMap   959221 ops/s read 8
16  2 skewed     ccl::DHashMap  1026926 ops/s read 9
16  2 skewed     ccl::DHashMap   915753 ops/s read 10
16  2 skewed     ccl::DHashMap  1164604 ops/s read 11
16  2 skewed     ccl::DHashMap   865973 ops/s read 12
16  2 skewed     ccl::DHashMap   861451 ops/s read 13
16  2 skewed     ccl::DHashMap   808142 ops/s read 14
16  2 skewed     ccl::DHashMap   900457 ops/s read 15
16  2 skewed     concache::manual   673103 ops/s write 0
16  2 skewed     concache::manual   682800 ops/s write 1
16  2 skewed     concache::manual  3536725 ops/s read 0
16  2 skewed     concache::manual  3377323 ops/s read 1
16  2 skewed     concache::manual  3570534 ops/s read 2
16  2 skewed     concache::manual  3475320 ops/s read 3
16  2 skewed     concache::manual  3468326 ops/s read 4
16  2 skewed     concache::manual  3463126 ops/s read 5
16  2 skewed     concache::manual  3434925 ops/s read 6
16  2 skewed     concache::manual  3366324 ops/s read 7
16  2 skewed     concache::manual  3419526 ops/s read 8
16  2 skewed     concache::manual  3429127 ops/s read 9
16  2 skewed     concache::manual  3367526 ops/s read 10
16  2 skewed     concache::manual  3443333 ops/s read 11
16  2 skewed     concache::manual  3453325 ops/s read 12
16  2 skewed     concache::manual  3538333 ops/s read 13
16  2 skewed     concache::manual  3468529 ops/s read 14
16  2 skewed     concache::manual  3392715 ops/s read 15
32  2 skewed     std               0 ops/s write 0
32  2 skewed     std               0 ops/s write 1
32  2 skewed     std          129406 ops/s read 0
32  2 skewed     std          122202 ops/s read 1
32  2 skewed     std          122239 ops/s read 2
32  2 skewed     std          121117 ops/s read 3
32  2 skewed     std          121640 ops/s read 4
32  2 skewed     std          121695 ops/s read 5
32  2 skewed     std          127005 ops/s read 6
32  2 skewed     std          130151 ops/s read 7
32  2 skewed     std          122040 ops/s read 8
32  2 skewed     std          121652 ops/s read 9
32  2 skewed     std           92324 ops/s read 10
32  2 skewed     std           90484 ops/s read 11
32  2 skewed     std           94261 ops/s read 12
32  2 skewed     std          121032 ops/s read 13
32  2 skewed     std           91553 ops/s read 14
32  2 skewed     std          122068 ops/s read 15
32  2 skewed     std          130906 ops/s read 16
32  2 skewed     std          121932 ops/s read 17
32  2 skewed     std           95276 ops/s read 18
32  2 skewed     std          121406 ops/s read 19
32  2 skewed     std           95680 ops/s read 20
32  2 skewed     std          128079 ops/s read 21
32  2 skewed     std           96541 ops/s read 22
32  2 skewed     std           95707 ops/s read 23
32  2 skewed     std          128241 ops/s read 24
32  2 skewed     std           96773 ops/s read 25
32  2 skewed     std           96044 ops/s read 26
32  2 skewed     std          128098 ops/s read 27
32  2 skewed     std           95961 ops/s read 28
32  2 skewed     std           96040 ops/s read 29
32  2 skewed     std          121862 ops/s read 30
32  2 skewed     std          127919 ops/s read 31
32  2 skewed     chashmap      52135 ops/s write 0
32  2 skewed     chashmap      51893 ops/s write 1
32  2 skewed     chashmap      49819 ops/s read 0
32  2 skewed     chashmap      54791 ops/s read 1
32  2 skewed     chashmap      54037 ops/s read 2
32  2 skewed     chashmap     138487 ops/s read 3
32  2 skewed     chashmap      53646 ops/s read 4
32  2 skewed     chashmap      52752 ops/s read 5
32  2 skewed     chashmap      77644 ops/s read 6
32  2 skewed     chashmap      83101 ops/s read 7
32  2 skewed     chashmap      80422 ops/s read 8
32  2 skewed     chashmap      90693 ops/s read 9
32  2 skewed     chashmap      52605 ops/s read 10
32  2 skewed     chashmap      51081 ops/s read 11
32  2 skewed     chashmap      88151 ops/s read 12
32  2 skewed     chashmap      53371 ops/s read 13
32  2 skewed     chashmap      52463 ops/s read 14
32  2 skewed     chashmap     122170 ops/s read 15
32  2 skewed     chashmap      78460 ops/s read 16
32  2 skewed     chashmap      54505 ops/s read 17
32  2 skewed     chashmap      48658 ops/s read 18
32  2 skewed     chashmap      78850 ops/s read 19
32  2 skewed     chashmap      98417 ops/s read 20
32  2 skewed     chashmap      84212 ops/s read 21
32  2 skewed     chashmap     116516 ops/s read 22
32  2 skewed     chashmap      53653 ops/s read 23
32  2 skewed     chashmap      83506 ops/s read 24
32  2 skewed     chashmap      52114 ops/s read 25
32  2 skewed     chashmap      54456 ops/s read 26
32  2 skewed     chashmap      83631 ops/s read 27
32  2 skewed     chashmap      81354 ops/s read 28
32  2 skewed     chashmap      97899 ops/s read 29
32  2 skewed     chashmap     108571 ops/s read 30
32  2 skewed     chashmap      54205 ops/s read 31
32  2 skewed     ccl::DHashMap   271662 ops/s write 0
32  2 skewed     ccl::DHashMap   270374 ops/s write 1
32  2 skewed     ccl::DHashMap   269659 ops/s read 0
32  2 skewed     ccl::DHashMap   273790 ops/s read 1
32  2 skewed     ccl::DHashMap   343040 ops/s read 2
32  2 skewed     ccl::DHashMap   274642 ops/s read 3
32  2 skewed     ccl::DHashMap   271787 ops/s read 4
32  2 skewed     ccl::DHashMap   266649 ops/s read 5
32  2 skewed     ccl::DHashMap   269701 ops/s read 6
32  2 skewed     ccl::DHashMap   285746 ops/s read 7
32  2 skewed     ccl::DHashMap   303870 ops/s read 8
32  2 skewed     ccl::DHashMap   264470 ops/s read 9
32  2 skewed     ccl::DHashMap   285124 ops/s read 10
32  2 skewed     ccl::DHashMap   363737 ops/s read 11
32  2 skewed     ccl::DHashMap   272567 ops/s read 12
32  2 skewed     ccl::DHashMap   265433 ops/s read 13
32  2 skewed     ccl::DHashMap   309572 ops/s read 14
32  2 skewed     ccl::DHashMap   290250 ops/s read 15
32  2 skewed     ccl::DHashMap   468085 ops/s read 16
32  2 skewed     ccl::DHashMap   316677 ops/s read 17
32  2 skewed     ccl::DHashMap   474415 ops/s read 18
32  2 skewed     ccl::DHashMap   431500 ops/s read 19
32  2 skewed     ccl::DHashMap   433264 ops/s read 20
32  2 skewed     ccl::DHashMap   273458 ops/s read 21
32  2 skewed     ccl::DHashMap   286193 ops/s read 22
32  2 skewed     ccl::DHashMap   476820 ops/s read 23
32  2 skewed     ccl::DHashMap   454443 ops/s read 24
32  2 skewed     ccl::DHashMap   430330 ops/s read 25
32  2 skewed     ccl::DHashMap   463993 ops/s read 26
32  2 skewed     ccl::DHashMap   446827 ops/s read 27
32  2 skewed     ccl::DHashMap   482697 ops/s read 28
32  2 skewed     ccl::DHashMap   434890 ops/s read 29
32  2 skewed     ccl::DHashMap   490963 ops/s read 30
32  2 skewed     ccl::DHashMap   442175 ops/s read 31
32  2 skewed     concache::manual   432400 ops/s write 0
32  2 skewed     concache::manual   460200 ops/s write 1
32  2 skewed     concache::manual  1869618 ops/s read 0
32  2 skewed     concache::manual  2633236 ops/s read 1
32  2 skewed     concache::manual  2664642 ops/s read 2
32  2 skewed     concache::manual  2720637 ops/s read 3
32  2 skewed     concache::manual  3187021 ops/s read 4
32  2 skewed     concache::manual  3149005 ops/s read 5
32  2 skewed     concache::manual  2158300 ops/s read 6
32  2 skewed     concache::manual  2704243 ops/s read 7
32  2 skewed     concache::manual  2653446 ops/s read 8
32  2 skewed     concache::manual  2760839 ops/s read 9
32  2 skewed     concache::manual  3214003 ops/s read 10
32  2 skewed     concache::manual  2650031 ops/s read 11
32  2 skewed     concache::manual  2647437 ops/s read 12
32  2 skewed     concache::manual  2659649 ops/s read 13
32  2 skewed     concache::manual  3305406 ops/s read 14
32  2 skewed     concache::manual  2660038 ops/s read 15
32  2 skewed     concache::manual  2730042 ops/s read 16
32  2 skewed     concache::manual  2624836 ops/s read 17
32  2 skewed     concache::manual  2660840 ops/s read 18
32  2 skewed     concache::manual  2769643 ops/s read 19
32  2 skewed     concache::manual  2600233 ops/s read 20
32  2 skewed     concache::manual  2622635 ops/s read 21
32  2 skewed     concache::manual  2934663 ops/s read 22
32  2 skewed     concache::manual  2888661 ops/s read 23
32  2 skewed     concache::manual  2584631 ops/s read 24
32  2 skewed     concache::manual  2624232 ops/s read 25
32  2 skewed     concache::manual  2664242 ops/s read 26
32  2 skewed     concache::manual  3292209 ops/s read 27
32  2 skewed     concache::manual  2664639 ops/s read 28
32  2 skewed     concache::manual  2723438 ops/s read 29
32  2 skewed     concache::manual  2635422 ops/s read 30
32  2 skewed     concache::manual  2570027 ops/s read 31
 1  4 uniform    std           22207 ops/s write 0
 1  4 uniform    std           24443 ops/s write 1
 1  4 uniform    std           23038 ops/s write 2
 1  4 uniform    std          109182 ops/s write 3
 1  4 uniform    std          338706 ops/s read 0
 1  4 uniform    chashmap     616526 ops/s write 0
 1  4 uniform    chashmap     363141 ops/s write 1
 1  4 uniform    chashmap     366401 ops/s write 2
 1  4 uniform    chashmap     339015 ops/s write 3
 1  4 uniform    chashmap     556077 ops/s read 0
 1  4 uniform    ccl::DHashMap  2981064 ops/s write 0
 1  4 uniform    ccl::DHashMap  2985556 ops/s write 1
 1  4 uniform    ccl::DHashMap  3070986 ops/s write 2
 1  4 uniform    ccl::DHashMap  2953671 ops/s write 3
 1  4 uniform    ccl::DHashMap  3122236 ops/s read 0
 1  4 uniform    concache::manual   773715 ops/s write 0
 1  4 uniform    concache::manual   851125 ops/s write 1
 1  4 uniform    concache::manual   851741 ops/s write 2
 1  4 uniform    concache::manual   838591 ops/s write 3
 1  4 uniform    concache::manual  2622656 ops/s read 0
 2  4 uniform    std            7491 ops/s write 0
 2  4 uniform    std           22151 ops/s write 1
 2  4 uniform    std           71440 ops/s write 2
 2  4 uniform    std            7083 ops/s write 3
 2  4 uniform    std          378283 ops/s read 0
 2  4 uniform    std          278588 ops/s read 1
 2  4 uniform    chashmap     361013 ops/s write 0
 2  4 uniform    chashmap     476391 ops/s write 1
 2  4 uniform    chashmap     473038 ops/s write 2
 2  4 uniform    chashmap     465196 ops/s write 3
 2  4 uniform    chashmap     352602 ops/s read 0
 2  4 uniform    chashmap     312293 ops/s read 1
 2  4 uniform    ccl::DHashMap  2871928 ops/s write 0
 2  4 uniform    ccl::DHashMap  2909781 ops/s write 1
 2  4 uniform    ccl::DHashMap  2982449 ops/s write 2
 2  4 uniform    ccl::DHashMap  2951603 ops/s write 3
 2  4 uniform    ccl::DHashMap  3273994 ops/s read 0
 2  4 uniform    ccl::DHashMap  3124319 ops/s read 1
 2  4 uniform    concache::manual   741017 ops/s write 0
 2  4 uniform    concache::manual   792600 ops/s write 1
 2  4 uniform    concache::manual   759548 ops/s write 2
 2  4 uniform    concache::manual   773001 ops/s write 3
 2  4 uniform    concache::manual  2721744 ops/s read 0
 2  4 uniform    concache::manual  2740498 ops/s read 1
 4  4 uniform    std            8486 ops/s write 0
 4  4 uniform    std           20437 ops/s write 1
 4  4 uniform    std            8714 ops/s write 2
 4  4 uniform    std           27748 ops/s write 3
 4  4 uniform    std          496955 ops/s read 0
 4  4 uniform    std          327271 ops/s read 1
 4  4 uniform    std          321269 ops/s read 2
 4  4 uniform    std          322040 ops/s read 3
 4  4 uniform    chashmap     386921 ops/s write 0
 4  4 uniform    chashmap     377827 ops/s write 1
 4  4 uniform    chashmap     241432 ops/s write 2
 4  4 uniform    chashmap     262403 ops/s write 3
 4  4 uniform    chashmap     429200 ops/s read 0
 4  4 uniform    chashmap     241622 ops/s read 1
 4  4 uniform    chashmap     239634 ops/s read 2
 4  4 uniform    chashmap     367127 ops/s read 3
 4  4 uniform    ccl::DHashMap  2918221 ops/s write 0
 4  4 uniform    ccl::DHashMap  2858545 ops/s write 1
 4  4 uniform    ccl::DHashMap  2891091 ops/s write 2
 4  4 uniform    ccl::DHashMap  2888122 ops/s write 3
 4  4 uniform    ccl::DHashMap  3176642 ops/s read 0
 4  4 uniform    ccl::DHashMap  3302477 ops/s read 1
 4  4 uniform    ccl::DHashMap  3310848 ops/s read 2
 4  4 uniform    ccl::DHashMap  3376909 ops/s read 3
 4  4 uniform    concache::manual   694400 ops/s write 0
 4  4 uniform    concache::manual   694826 ops/s write 1
 4  4 uniform    concache::manual   701400 ops/s write 2
 4  4 uniform    concache::manual   697401 ops/s write 3
 4  4 uniform    concache::manual  2732600 ops/s read 0
 4  4 uniform    concache::manual  2767800 ops/s read 1
 4  4 uniform    concache::manual  2790045 ops/s read 2
 4  4 uniform    concache::manual  2851447 ops/s read 3
 8  4 uniform    std            1569 ops/s write 0
 8  4 uniform    std            1894 ops/s write 1
 8  4 uniform    std            1887 ops/s write 2
 8  4 uniform    std            1799 ops/s write 3
 8  4 uniform    std          303729 ops/s read 0
 8  4 uniform    std          320609 ops/s read 1
 8  4 uniform    std          299661 ops/s read 2
 8  4 uniform    std          304877 ops/s read 3
 8  4 uniform    std          333126 ops/s read 4
 8  4 uniform    std          306359 ops/s read 5
 8  4 uniform    std          373892 ops/s read 6
 8  4 uniform    std          318064 ops/s read 7
 8  4 uniform    chashmap     164402 ops/s write 0
 8  4 uniform    chashmap     219427 ops/s write 1
 8  4 uniform    chashmap     254495 ops/s write 2
 8  4 uniform    chashmap     250513 ops/s write 3
 8  4 uniform    chashmap     153996 ops/s read 0
 8  4 uniform    chashmap     160617 ops/s read 1
 8  4 uniform    chashmap     221435 ops/s read 2
 8  4 uniform    chashmap     213874 ops/s read 3
 8  4 uniform    chashmap     220434 ops/s read 4
 8  4 uniform    chashmap     217034 ops/s read 5
 8  4 uniform    chashmap     174238 ops/s read 6
 8  4 uniform    chashmap     154238 ops/s read 7
 8  4 uniform    ccl::DHashMap  2725925 ops/s write 0
 8  4 uniform    ccl::DHashMap  2743541 ops/s write 1
 8  4 uniform    ccl::DHashMap  2711044 ops/s write 2
 8  4 uniform    ccl::DHashMap  2680725 ops/s write 3
 8  4 uniform    ccl::DHashMap  3293018 ops/s read 0
 8  4 uniform    ccl::DHashMap  3287214 ops/s read 1
 8  4 uniform    ccl::DHashMap  3337574 ops/s read 2
 8  4 uniform    ccl::DHashMap  3118543 ops/s read 3
 8  4 uniform    ccl::DHashMap  3147295 ops/s read 4
 8  4 uniform    ccl::DHashMap  3152878 ops/s read 5
 8  4 uniform    ccl::DHashMap  3268309 ops/s read 6
 8  4 uniform    ccl::DHashMap  3272747 ops/s read 7
 8  4 uniform    concache::manual   648871 ops/s write 0
 8  4 uniform    concache::manual   669601 ops/s write 1
 8  4 uniform    concache::manual   652400 ops/s write 2
 8  4 uniform    concache::manual   658653 ops/s write 3
 8  4 uniform    concache::manual  2730741 ops/s read 0
 8  4 uniform    concache::manual  2760342 ops/s read 1
 8  4 uniform    concache::manual  2937546 ops/s read 2
 8  4 uniform    concache::manual  2813144 ops/s read 3
 8  4 uniform    concache::manual  2830744 ops/s read 4
 8  4 uniform    concache::manual  2848941 ops/s read 5
 8  4 uniform    concache::manual  2868943 ops/s read 6
 8  4 uniform    concache::manual  2665940 ops/s read 7
16  4 uniform    std              19 ops/s write 0
16  4 uniform    std              15 ops/s write 1
16  4 uniform    std               0 ops/s write 2
16  4 uniform    std               1 ops/s write 3
16  4 uniform    std          191944 ops/s read 0
16  4 uniform    std          192308 ops/s read 1
16  4 uniform    std          195577 ops/s read 2
16  4 uniform    std          174628 ops/s read 3
16  4 uniform    std          166034 ops/s read 4
16  4 uniform    std          179283 ops/s read 5
16  4 uniform    std          181890 ops/s read 6
16  4 uniform    std          177644 ops/s read 7
16  4 uniform    std          187843 ops/s read 8
16  4 uniform    std          267386 ops/s read 9
16  4 uniform    std          202540 ops/s read 10
16  4 uniform    std          224086 ops/s read 11
16  4 uniform    std          170037 ops/s read 12
16  4 uniform    std          162993 ops/s read 13
16  4 uniform    std          191491 ops/s read 14
16  4 uniform    std          176644 ops/s read 15
16  4 uniform    chashmap     140718 ops/s write 0
16  4 uniform    chashmap     145304 ops/s write 1
16  4 uniform    chashmap      93438 ops/s write 2
16  4 uniform    chashmap     167004 ops/s write 3
16  4 uniform    chashmap     134329 ops/s read 0
16  4 uniform    chashmap     119579 ops/s read 1
16  4 uniform    chashmap     127374 ops/s read 2
16  4 uniform    chashmap     134997 ops/s read 3
16  4 uniform    chashmap      87872 ops/s read 4
16  4 uniform    chashmap     134892 ops/s read 5
16  4 uniform    chashmap     140897 ops/s read 6
16  4 uniform    chashmap     132128 ops/s read 7
16  4 uniform    chashmap     130250 ops/s read 8
16  4 uniform    chashmap      87655 ops/s read 9
16  4 uniform    chashmap      95857 ops/s read 10
16  4 uniform    chashmap      82928 ops/s read 11
16  4 uniform    chashmap      79802 ops/s read 12
16  4 uniform    chashmap     100254 ops/s read 13
16  4 uniform    chashmap     110530 ops/s read 14
16  4 uniform    chashmap      84850 ops/s read 15
16  4 uniform    ccl::DHashMap  2538511 ops/s write 0
16  4 uniform    ccl::DHashMap  2632818 ops/s write 1
16  4 uniform    ccl::DHashMap  2684064 ops/s write 2
16  4 uniform    ccl::DHashMap  2418907 ops/s write 3
16  4 uniform    ccl::DHashMap  3271031 ops/s read 0
16  4 uniform    ccl::DHashMap  3034262 ops/s read 1
16  4 uniform    ccl::DHashMap  2991623 ops/s read 2
16  4 uniform    ccl::DHashMap  3048962 ops/s read 3
16  4 uniform    ccl::DHashMap  3220745 ops/s read 4
16  4 uniform    ccl::DHashMap  3060390 ops/s read 5
16  4 uniform    ccl::DHashMap  3039709 ops/s read 6
16  4 uniform    ccl::DHashMap  3011879 ops/s read 7
16  4 uniform    ccl::DHashMap  3199198 ops/s read 8
16  4 uniform    ccl::DHashMap  3322642 ops/s read 9
16  4 uniform    ccl::DHashMap  3131627 ops/s read 10
16  4 uniform    ccl::DHashMap  3036724 ops/s read 11
16  4 uniform    ccl::DHashMap  3017489 ops/s read 12
16  4 uniform    ccl::DHashMap  3189481 ops/s read 13
16  4 uniform    ccl::DHashMap  3006756 ops/s read 14
16  4 uniform    ccl::DHashMap  3170886 ops/s read 15
16  4 uniform    concache::manual   599017 ops/s write 0
16  4 uniform    concache::manual   603200 ops/s write 1
16  4 uniform    concache::manual   546953 ops/s write 2
16  4 uniform    concache::manual   558000 ops/s write 3
16  4 uniform    concache::manual  2682523 ops/s read 0
16  4 uniform    concache::manual  2659722 ops/s read 1
16  4 uniform    concache::manual  2711721 ops/s read 2
16  4 uniform    concache::manual  2725921 ops/s read 3
16  4 uniform    concache::manual  2740924 ops/s read 4
16  4 uniform    concache::manual  2736123 ops/s read 5
16  4 uniform    concache::manual  2744925 ops/s read 6
16  4 uniform    concache::manual  2799727 ops/s read 7
16  4 uniform    concache::manual  2770329 ops/s read 8
16  4 uniform    concache::manual  2706119 ops/s read 9
16  4 uniform    concache::manual  2737725 ops/s read 10
16  4 uniform    concache::manual  2722247 ops/s read 11
16  4 uniform    concache::manual  2585444 ops/s read 12
16  4 uniform    concache::manual  2785124 ops/s read 13
16  4 uniform    concache::manual  2690124 ops/s read 14
16  4 uniform    concache::manual  2856130 ops/s read 15
32  4 uniform    std               0 ops/s write 0
32  4 uniform    std               0 ops/s write 1
32  4 uniform    std               0 ops/s write 2
32  4 uniform    std               0 ops/s write 3
32  4 uniform    std          104644 ops/s read 0
32  4 uniform    std          107300 ops/s read 1
32  4 uniform    std           85015 ops/s read 2
32  4 uniform    std           80897 ops/s read 3
32  4 uniform    std           92998 ops/s read 4
32  4 uniform    std           92313 ops/s read 5
32  4 uniform    std           90362 ops/s read 6
32  4 uniform    std           81181 ops/s read 7
32  4 uniform    std           84925 ops/s read 8
32  4 uniform    std           91500 ops/s read 9
32  4 uniform    std           87165 ops/s read 10
32  4 uniform    std           93095 ops/s read 11
32  4 uniform    std           82841 ops/s read 12
32  4 uniform    std           93101 ops/s read 13
32  4 uniform    std           91832 ops/s read 14
32  4 uniform    std           93079 ops/s read 15
32  4 uniform    std           92908 ops/s read 16
32  4 uniform    std          104919 ops/s read 17
32  4 uniform    std           85394 ops/s read 18
32  4 uniform    std           78883 ops/s read 19
32  4 uniform    std           93470 ops/s read 20
32  4 uniform    std           92885 ops/s read 21
32  4 uniform    std          100649 ops/s read 22
32  4 uniform    std          106972 ops/s read 23
32  4 uniform    std           92396 ops/s read 24
32  4 uniform    std           79359 ops/s read 25
32  4 uniform    std           96082 ops/s read 26
32  4 uniform    std          107963 ops/s read 27
32  4 uniform    std           81488 ops/s read 28
32  4 uniform    std           95540 ops/s read 29
32  4 uniform    std           90119 ops/s read 30
32  4 uniform    std           92774 ops/s read 31
32  4 uniform    chashmap      55738 ops/s write 0
32  4 uniform    chashmap      59829 ops/s write 1
32  4 uniform    chashmap      58833 ops/s write 2
32  4 uniform    chashmap      76009 ops/s write 3
32  4 uniform    chashmap      76728 ops/s read 0
32  4 uniform    chashmap      60618 ops/s read 1
32  4 uniform    chashmap      73453 ops/s read 2
32  4 uniform    chashmap      64601 ops/s read 3
32  4 uniform    chashmap      63064 ops/s read 4
32  4 uniform    chashmap      68058 ops/s read 5
32  4 uniform    chashmap      67442 ops/s read 6
32  4 uniform    chashmap      71935 ops/s read 7
32  4 uniform    chashmap      61975 ops/s read 8
32  4 uniform    chashmap     113443 ops/s read 9
32  4 uniform    chashmap      60883 ops/s read 10
32  4 uniform    chashmap      76827 ops/s read 11
32  4 uniform    chashmap      61045 ops/s read 12
32  4 uniform    chashmap      78886 ops/s read 13
32  4 uniform    chashmap      75035 ops/s read 14
32  4 uniform    chashmap      65249 ops/s read 15
32  4 uniform    chashmap      64570 ops/s read 16
32  4 uniform    chashmap      76026 ops/s read 17
32  4 uniform    chashmap      75352 ops/s read 18
32  4 uniform    chashmap      73233 ops/s read 19
32  4 uniform    chashmap      75304 ops/s read 20
32  4 uniform    chashmap      80968 ops/s read 21
32  4 uniform    chashmap      76369 ops/s read 22
32  4 uniform    chashmap      95320 ops/s read 23
32  4 uniform    chashmap      74748 ops/s read 24
32  4 uniform    chashmap      62711 ops/s read 25
32  4 uniform    chashmap      90994 ops/s read 26
32  4 uniform    chashmap     114155 ops/s read 27
32  4 uniform    chashmap      78755 ops/s read 28
32  4 uniform    chashmap      59615 ops/s read 29
32  4 uniform    chashmap      60088 ops/s read 30
32  4 uniform    chashmap      76014 ops/s read 31
32  4 uniform    ccl::DHashMap  1865320 ops/s write 0
32  4 uniform    ccl::DHashMap  1526825 ops/s write 1
32  4 uniform    ccl::DHashMap  2001293 ops/s write 2
32  4 uniform    ccl::DHashMap  1980055 ops/s write 3
32  4 uniform    ccl::DHashMap  2195490 ops/s read 0
32  4 uniform    ccl::DHashMap  1788357 ops/s read 1
32  4 uniform    ccl::DHashMap  2397163 ops/s read 2
32  4 uniform    ccl::DHashMap  2359424 ops/s read 3
32  4 uniform    ccl::DHashMap  2402932 ops/s read 4
32  4 uniform    ccl::DHashMap  2337211 ops/s read 5
32  4 uniform    ccl::DHashMap  2367812 ops/s read 6
32  4 uniform    ccl::DHashMap  2478027 ops/s read 7
32  4 uniform    ccl::DHashMap  1807211 ops/s read 8
32  4 uniform    ccl::DHashMap  2523809 ops/s read 9
32  4 uniform    ccl::DHashMap  2016447 ops/s read 10
32  4 uniform    ccl::DHashMap  2116275 ops/s read 11
32  4 uniform    ccl::DHashMap  2329614 ops/s read 12
32  4 uniform    ccl::DHashMap  1790323 ops/s read 13
32  4 uniform    ccl::DHashMap  2358546 ops/s read 14
32  4 uniform    ccl::DHashMap  2339911 ops/s read 15
32  4 uniform    ccl::DHashMap  2254186 ops/s read 16
32  4 uniform    ccl::DHashMap  1772443 ops/s read 17
32  4 uniform    ccl::DHashMap  1796298 ops/s read 18
32  4 uniform    ccl::DHashMap  1788305 ops/s read 19
32  4 uniform    ccl::DHashMap  1785031 ops/s read 20
32  4 uniform    ccl::DHashMap  2671904 ops/s read 21
32  4 uniform    ccl::DHashMap  2896187 ops/s read 22
32  4 uniform    ccl::DHashMap  1783733 ops/s read 23
32  4 uniform    ccl::DHashMap  1790063 ops/s read 24
32  4 uniform    ccl::DHashMap  2042961 ops/s read 25
32  4 uniform    ccl::DHashMap  2383082 ops/s read 26
32  4 uniform    ccl::DHashMap  1787732 ops/s read 27
32  4 uniform    ccl::DHashMap  1792856 ops/s read 28
32  4 uniform    ccl::DHashMap  1809857 ops/s read 29
32  4 uniform    ccl::DHashMap  2325341 ops/s read 30
32  4 uniform    ccl::DHashMap  2405638 ops/s read 31
32  4 uniform    concache::manual   371232 ops/s write 0
32  4 uniform    concache::manual   400601 ops/s write 1
32  4 uniform    concache::manual   365213 ops/s write 2
32  4 uniform    concache::manual   407519 ops/s write 3
32  4 uniform    concache::manual  2148800 ops/s read 0
32  4 uniform    concache::manual  2577800 ops/s read 1
32  4 uniform    concache::manual  2195600 ops/s read 2
32  4 uniform    concache::manual  2310400 ops/s read 3
32  4 uniform    concache::manual  2259800 ops/s read 4
32  4 uniform    concache::manual  2155400 ops/s read 5
32  4 uniform    concache::manual  2214200 ops/s read 6
32  4 uniform    concache::manual  2191000 ops/s read 7
32  4 uniform    concache::manual  2173200 ops/s read 8
32  4 uniform    concache::manual  2161400 ops/s read 9
32  4 uniform    concache::manual  2167400 ops/s read 10
32  4 uniform    concache::manual  2318600 ops/s read 11
32  4 uniform    concache::manual  2164200 ops/s read 12
32  4 uniform    concache::manual  2183400 ops/s read 13
32  4 uniform    concache::manual  2219400 ops/s read 14
32  4 uniform    concache::manual  2165400 ops/s read 15
32  4 uniform    concache::manual  2213400 ops/s read 16
32  4 uniform    concache::manual  2178400 ops/s read 17
32  4 uniform    concache::manual  2161000 ops/s read 18
32  4 uniform    concache::manual  2534600 ops/s read 19
32  4 uniform    concache::manual  2132600 ops/s read 20
32  4 uniform    concache::manual  2174600 ops/s read 21
32  4 uniform    concache::manual  2194400 ops/s read 22
32  4 uniform    concache::manual  2115800 ops/s read 23
32  4 uniform    concache::manual  2259600 ops/s read 24
32  4 uniform    concache::manual  2555000 ops/s read 25
32  4 uniform    concache::manual  2214000 ops/s read 26
32  4 uniform    concache::manual  2607600 ops/s read 27
32  4 uniform    concache::manual  2123600 ops/s read 28
32  4 uniform    concache::manual  2179600 ops/s read 29
32  4 uniform    concache::manual  2146000 ops/s read 30
32  4 uniform    concache::manual  2126000 ops/s read 31
 1  4 skewed     std           31783 ops/s write 0
 1  4 skewed     std           29660 ops/s write 1
 1  4 skewed     std           31763 ops/s write 2
 1  4 skewed     std           34924 ops/s write 3
 1  4 skewed     std          172494 ops/s read 0
 1  4 skewed     chashmap     508516 ops/s write 0
 1  4 skewed     chashmap     512306 ops/s write 1
 1  4 skewed     chashmap     501919 ops/s write 2
 1  4 skewed     chashmap     499947 ops/s write 3
 1  4 skewed     chashmap     415897 ops/s read 0
 1  4 skewed     ccl::DHashMap  2822858 ops/s write 0
 1  4 skewed     ccl::DHashMap  2908165 ops/s write 1
 1  4 skewed     ccl::DHashMap  2901859 ops/s write 2
 1  4 skewed     ccl::DHashMap  2891223 ops/s write 3
 1  4 skewed     ccl::DHashMap  2781404 ops/s read 0
 1  4 skewed     concache::manual   780000 ops/s write 0
 1  4 skewed     concache::manual   837800 ops/s write 1
 1  4 skewed     concache::manual   896200 ops/s write 2
 1  4 skewed     concache::manual   897810 ops/s write 3
 1  4 skewed     concache::manual  3012580 ops/s read 0
 2  4 skewed     std           24426 ops/s write 0
 2  4 skewed     std           29687 ops/s write 1
 2  4 skewed     std           25958 ops/s write 2
 2  4 skewed     std           30941 ops/s write 3
 2  4 skewed     std          772779 ops/s read 0
 2  4 skewed     std          350056 ops/s read 1
 2  4 skewed     chashmap     344719 ops/s write 0
 2  4 skewed     chashmap     472608 ops/s write 1
 2  4 skewed     chashmap     469575 ops/s write 2
 2  4 skewed     chashmap     472499 ops/s write 3
 2  4 skewed     chashmap     337153 ops/s read 0
 2  4 skewed     chashmap     314867 ops/s read 1
 2  4 skewed     ccl::DHashMap  2532860 ops/s write 0
 2  4 skewed     ccl::DHashMap  2619436 ops/s write 1
 2  4 skewed     ccl::DHashMap  2564633 ops/s write 2
 2  4 skewed     ccl::DHashMap  2517108 ops/s write 3
 2  4 skewed     ccl::DHashMap  2668571 ops/s read 0
 2  4 skewed     ccl::DHashMap  2740766 ops/s read 1
 2  4 skewed     concache::manual   820024 ops/s write 0
 2  4 skewed     concache::manual   822359 ops/s write 1
 2  4 skewed     concache::manual   800600 ops/s write 2
 2  4 skewed     concache::manual   796650 ops/s write 3
 2  4 skewed     concache::manual  3020620 ops/s read 0
 2  4 skewed     concache::manual  3013219 ops/s read 1
 4  4 skewed     std           15036 ops/s write 0
 4  4 skewed     std           21312 ops/s write 1
 4  4 skewed     std           14405 ops/s write 2
 4  4 skewed     std           13763 ops/s write 3
 4  4 skewed     std          347565 ops/s read 0
 4  4 skewed     std          395788 ops/s read 1
 4  4 skewed     std          545915 ops/s read 2
 4  4 skewed     std          405610 ops/s read 3
 4  4 skewed     chashmap     245307 ops/s write 0
 4  4 skewed     chashmap     339477 ops/s write 1
 4  4 skewed     chashmap     335796 ops/s write 2
 4  4 skewed     chashmap     336702 ops/s write 3
 4  4 skewed     chashmap     334371 ops/s read 0
 4  4 skewed     chashmap     315284 ops/s read 1
 4  4 skewed     chashmap     264489 ops/s read 2
 4  4 skewed     chashmap     248828 ops/s read 3
 4  4 skewed     ccl::DHashMap  2243085 ops/s write 0
 4  4 skewed     ccl::DHashMap  2257441 ops/s write 1
 4  4 skewed     ccl::DHashMap  2241348 ops/s write 2
 4  4 skewed     ccl::DHashMap  2256366 ops/s write 3
 4  4 skewed     ccl::DHashMap  2388722 ops/s read 0
 4  4 skewed     ccl::DHashMap  2298717 ops/s read 1
 4  4 skewed     ccl::DHashMap  2306851 ops/s read 2
 4  4 skewed     ccl::DHashMap  2326842 ops/s read 3
 4  4 skewed     concache::manual   728647 ops/s write 0
 4  4 skewed     concache::manual   765110 ops/s write 1
 4  4 skewed     concache::manual   758400 ops/s write 2
 4  4 skewed     concache::manual   748851 ops/s write 3
 4  4 skewed     concache::manual  3137989 ops/s read 0
 4  4 skewed     concache::manual  3213185 ops/s read 1
 4  4 skewed     concache::manual  3172184 ops/s read 2
 4  4 skewed     concache::manual  3246187 ops/s read 3
 8  4 skewed     std            2632 ops/s write 0
 8  4 skewed     std            2490 ops/s write 1
 8  4 skewed     std            2515 ops/s write 2
 8  4 skewed     std             447 ops/s write 3
 8  4 skewed     std          329655 ops/s read 0
 8  4 skewed     std          313364 ops/s read 1
 8  4 skewed     std          324255 ops/s read 2
 8  4 skewed     std          310536 ops/s read 3
 8  4 skewed     std          314314 ops/s read 4
 8  4 skewed     std          310376 ops/s read 5
 8  4 skewed     std          346322 ops/s read 6
 8  4 skewed     std          401382 ops/s read 7
 8  4 skewed     chashmap     242351 ops/s write 0
 8  4 skewed     chashmap     204304 ops/s write 1
 8  4 skewed     chashmap     220267 ops/s write 2
 8  4 skewed     chashmap     184919 ops/s write 3
 8  4 skewed     chashmap     192893 ops/s read 0
 8  4 skewed     chashmap     179500 ops/s read 1
 8  4 skewed     chashmap     194870 ops/s read 2
 8  4 skewed     chashmap     194808 ops/s read 3
 8  4 skewed     chashmap     190595 ops/s read 4
 8  4 skewed     chashmap     189121 ops/s read 5
 8  4 skewed     chashmap     185959 ops/s read 6
 8  4 skewed     chashmap     293172 ops/s read 7
 8  4 skewed     ccl::DHashMap  1113074 ops/s write 0
 8  4 skewed     ccl::DHashMap  1098369 ops/s write 1
 8  4 skewed     ccl::DHashMap  1123305 ops/s write 2
 8  4 skewed     ccl::DHashMap  1165026 ops/s write 3
 8  4 skewed     ccl::DHashMap  1162065 ops/s read 0
 8  4 skewed     ccl::DHashMap  1369341 ops/s read 1
 8  4 skewed     ccl::DHashMap  1192270 ops/s read 2
 8  4 skewed     ccl::DHashMap  1344355 ops/s read 3
 8  4 skewed     ccl::DHashMap  1168660 ops/s read 4
 8  4 skewed     ccl::DHashMap  1188045 ops/s read 5
 8  4 skewed     ccl::DHashMap  1167884 ops/s read 6
 8  4 skewed     ccl::DHashMap  1230407 ops/s read 7
 8  4 skewed     concache::manual   754800 ops/s write 0
 8  4 skewed     concache::manual   762801 ops/s write 1
 8  4 skewed     concache::manual   762953 ops/s write 2
 8  4 skewed     concache::manual   771488 ops/s write 3
 8  4 skewed     concache::manual  3293105 ops/s read 0
 8  4 skewed     concache::manual  3249507 ops/s read 1
 8  4 skewed     concache::manual  3320908 ops/s read 2
 8  4 skewed     concache::manual  3395128 ops/s read 3
 8  4 skewed     concache::manual  3304514 ops/s read 4
 8  4 skewed     concache::manual  3352920 ops/s read 5
 8  4 skewed     concache::manual  3340723 ops/s read 6
 8  4 skewed     concache::manual  3167503 ops/s read 7
16  4 skewed     std               4 ops/s write 0
16  4 skewed     std               8 ops/s write 1
16  4 skewed     std              13 ops/s write 2
16  4 skewed     std               7 ops/s write 3
16  4 skewed     std          278860 ops/s read 0
16  4 skewed     std          172854 ops/s read 1
16  4 skewed     std          191393 ops/s read 2
16  4 skewed     std          173515 ops/s read 3
16  4 skewed     std          173581 ops/s read 4
16  4 skewed     std          187024 ops/s read 5
16  4 skewed     std          176347 ops/s read 6
16  4 skewed     std          183186 ops/s read 7
16  4 skewed     std          186538 ops/s read 8
16  4 skewed     std          184315 ops/s read 9
16  4 skewed     std          215866 ops/s read 10
16  4 skewed     std          198879 ops/s read 11
16  4 skewed     std          230251 ops/s read 12
16  4 skewed     std          176988 ops/s read 13
16  4 skewed     std          171369 ops/s read 14
16  4 skewed     std          169139 ops/s read 15
16  4 skewed     chashmap     130667 ops/s write 0
16  4 skewed     chashmap     117947 ops/s write 1
16  4 skewed     chashmap     117508 ops/s write 2
16  4 skewed     chashmap     227208 ops/s write 3
16  4 skewed     chashmap     137514 ops/s read 0
16  4 skewed     chashmap     130017 ops/s read 1
16  4 skewed     chashmap     140943 ops/s read 2
16  4 skewed     chashmap     130010 ops/s read 3
16  4 skewed     chashmap     107077 ops/s read 4
16  4 skewed     chashmap     137833 ops/s read 5
16  4 skewed     chashmap      95894 ops/s read 6
16  4 skewed     chashmap      88992 ops/s read 7
16  4 skewed     chashmap     136724 ops/s read 8
16  4 skewed     chashmap      98510 ops/s read 9
16  4 skewed     chashmap     144923 ops/s read 10
16  4 skewed     chashmap     140007 ops/s read 11
16  4 skewed     chashmap      87029 ops/s read 12
16  4 skewed     chashmap     139249 ops/s read 13
16  4 skewed     chashmap      90359 ops/s read 14
16  4 skewed     chashmap     134024 ops/s read 15
16  4 skewed     ccl::DHashMap   656233 ops/s write 0
16  4 skewed     ccl::DHashMap   641719 ops/s write 1
16  4 skewed     ccl::DHashMap   572458 ops/s write 2
16  4 skewed     ccl::DHashMap   669582 ops/s write 3
16  4 skewed     ccl::DHashMap   688823 ops/s read 0
16  4 skewed     ccl::DHashMap   706844 ops/s read 1
16  4 skewed     ccl::DHashMap   713784 ops/s read 2
16  4 skewed     ccl::DHashMap   751796 ops/s read 3
16  4 skewed     ccl::DHashMap   701145 ops/s read 4
16  4 skewed     ccl::DHashMap   671887 ops/s read 5
16  4 skewed     ccl::DHashMap   686515 ops/s read 6
16  4 skewed     ccl::DHashMap   707822 ops/s read 7
16  4 skewed     ccl::DHashMap   710967 ops/s read 8
16  4 skewed     ccl::DHashMap   805725 ops/s read 9
16  4 skewed     ccl::DHashMap   801926 ops/s read 10
16  4 skewed     ccl::DHashMap   733984 ops/s read 11
16  4 skewed     ccl::DHashMap   735258 ops/s read 12
16  4 skewed     ccl::DHashMap   736323 ops/s read 13
16  4 skewed     ccl::DHashMap   710333 ops/s read 14
16  4 skewed     ccl::DHashMap   750984 ops/s read 15
16  4 skewed     concache::manual   635480 ops/s write 0
16  4 skewed     concache::manual   621507 ops/s write 1
16  4 skewed     concache::manual   684409 ops/s write 2
16  4 skewed     concache::manual   695963 ops/s write 3
16  4 skewed     concache::manual  3144828 ops/s read 0
16  4 skewed     concache::manual  3246635 ops/s read 1
16  4 skewed     concache::manual  3310037 ops/s read 2
16  4 skewed     concache::manual  3340843 ops/s read 3
16  4 skewed     concache::manual  3255640 ops/s read 4
16  4 skewed     concache::manual  3179034 ops/s read 5
16  4 skewed     concache::manual  3106030 ops/s read 6
16  4 skewed     concache::manual  3236630 ops/s read 7
16  4 skewed     concache::manual  3187639 ops/s read 8
16  4 skewed     concache::manual  3199234 ops/s read 9
16  4 skewed     concache::manual  3230839 ops/s read 10
16  4 skewed     concache::manual  3219629 ops/s read 11
16  4 skewed     concache::manual  3248839 ops/s read 12
16  4 skewed     concache::manual  3227035 ops/s read 13
16  4 skewed     concache::manual  3165034 ops/s read 14
16  4 skewed     concache::manual  3168833 ops/s read 15
32  4 skewed     std               0 ops/s write 0
32  4 skewed     std               0 ops/s write 1
32  4 skewed     std               0 ops/s write 2
32  4 skewed     std               0 ops/s write 3
32  4 skewed     std          115374 ops/s read 0
32  4 skewed     std           99749 ops/s read 1
32  4 skewed     std           97277 ops/s read 2
32  4 skewed     std           76659 ops/s read 3
32  4 skewed     std           77021 ops/s read 4
32  4 skewed     std           75157 ops/s read 5
32  4 skewed     std          116450 ops/s read 6
32  4 skewed     std           75376 ops/s read 7
32  4 skewed     std           98137 ops/s read 8
32  4 skewed     std           75560 ops/s read 9
32  4 skewed     std           75528 ops/s read 10
32  4 skewed     std          114609 ops/s read 11
32  4 skewed     std           76869 ops/s read 12
32  4 skewed     std           76861 ops/s read 13
32  4 skewed     std           76598 ops/s read 14
32  4 skewed     std           97611 ops/s read 15
32  4 skewed     std           94146 ops/s read 16
32  4 skewed     std          103817 ops/s read 17
32  4 skewed     std          103114 ops/s read 18
32  4 skewed     std          103248 ops/s read 19
32  4 skewed     std          103174 ops/s read 20
32  4 skewed     std           76461 ops/s read 21
32  4 skewed     std           92134 ops/s read 22
32  4 skewed     std           94092 ops/s read 23
32  4 skewed     std           91046 ops/s read 24
32  4 skewed     std          115965 ops/s read 25
32  4 skewed     std          102745 ops/s read 26
32  4 skewed     std           99707 ops/s read 27
32  4 skewed     std           74671 ops/s read 28
32  4 skewed     std          102820 ops/s read 29
32  4 skewed     std           99323 ops/s read 30
32  4 skewed     std           74366 ops/s read 31
32  4 skewed     chashmap      60744 ops/s write 0
32  4 skewed     chashmap      63764 ops/s write 1
32  4 skewed     chashmap      58557 ops/s write 2
32  4 skewed     chashmap      61575 ops/s write 3
32  4 skewed     chashmap      68999 ops/s read 0
32  4 skewed     chashmap      70881 ops/s read 1
32  4 skewed     chashmap      89098 ops/s read 2
32  4 skewed     chashmap      64799 ops/s read 3
32  4 skewed     chashmap      73150 ops/s read 4
32  4 skewed     chashmap      64901 ops/s read 5
32  4 skewed     chashmap      65715 ops/s read 6
32  4 skewed     chashmap      70099 ops/s read 7
32  4 skewed     chashmap      65595 ops/s read 8
32  4 skewed     chashmap      73406 ops/s read 9
32  4 skewed     chashmap      65490 ops/s read 10
32  4 skewed     chashmap      69508 ops/s read 11
32  4 skewed     chashmap      64438 ops/s read 12
32  4 skewed     chashmap      68715 ops/s read 13
32  4 skewed     chashmap      90169 ops/s read 14
32  4 skewed     chashmap      93873 ops/s read 15
32  4 skewed     chashmap      66562 ops/s read 16
32  4 skewed     chashmap      78394 ops/s read 17
32  4 skewed     chashmap      66244 ops/s read 18
32  4 skewed     chashmap      69179 ops/s read 19
32  4 skewed     chashmap      65992 ops/s read 20
32  4 skewed     chashmap      70356 ops/s read 21
32  4 skewed     chashmap      66293 ops/s read 22
32  4 skewed     chashmap      66237 ops/s read 23
32  4 skewed     chashmap      74410 ops/s read 24
32  4 skewed     chashmap      63040 ops/s read 25
32  4 skewed     chashmap      94847 ops/s read 26
32  4 skewed     chashmap      74916 ops/s read 27
32  4 skewed     chashmap      69737 ops/s read 28
32  4 skewed     chashmap      65300 ops/s read 29
32  4 skewed     chashmap      74354 ops/s read 30
32  4 skewed     chashmap      68334 ops/s read 31
32  4 skewed     ccl::DHashMap   163624 ops/s write 0
32  4 skewed     ccl::DHashMap   191338 ops/s write 1
32  4 skewed     ccl::DHashMap   181185 ops/s write 2
32  4 skewed     ccl::DHashMap   160276 ops/s write 3
32  4 skewed     ccl::DHashMap   304109 ops/s read 0
32  4 skewed     ccl::DHashMap   384893 ops/s read 1
32  4 skewed     ccl::DHashMap   347624 ops/s read 2
32  4 skewed     ccl::DHashMap   297598 ops/s read 3
32  4 skewed     ccl::DHashMap   307896 ops/s read 4
32  4 skewed     ccl::DHashMap   268255 ops/s read 5
32  4 skewed     ccl::DHashMap   347116 ops/s read 6
32  4 skewed     ccl::DHashMap   295763 ops/s read 7
32  4 skewed     ccl::DHashMap   285044 ops/s read 8
32  4 skewed     ccl::DHashMap   321453 ops/s read 9
32  4 skewed     ccl::DHashMap   298837 ops/s read 10
32  4 skewed     ccl::DHashMap   288317 ops/s read 11
32  4 skewed     ccl::DHashMap   281090 ops/s read 12
32  4 skewed     ccl::DHashMap   349978 ops/s read 13
32  4 skewed     ccl::DHashMap   288459 ops/s read 14
32  4 skewed     ccl::DHashMap   340055 ops/s read 15
32  4 skewed     ccl::DHashMap   330946 ops/s read 16
32  4 skewed     ccl::DHashMap   322713 ops/s read 17
32  4 skewed     ccl::DHashMap   292028 ops/s read 18
32  4 skewed     ccl::DHashMap   343876 ops/s read 19
32  4 skewed     ccl::DHashMap   356201 ops/s read 20
32  4 skewed     ccl::DHashMap   288919 ops/s read 21
32  4 skewed     ccl::DHashMap   340087 ops/s read 22
32  4 skewed     ccl::DHashMap   261072 ops/s read 23
32  4 skewed     ccl::DHashMap   343184 ops/s read 24
32  4 skewed     ccl::DHashMap   260236 ops/s read 25
32  4 skewed     ccl::DHashMap   357185 ops/s read 26
32  4 skewed     ccl::DHashMap   264564 ops/s read 27
32  4 skewed     ccl::DHashMap   350063 ops/s read 28
32  4 skewed     ccl::DHashMap   271668 ops/s read 29
32  4 skewed     ccl::DHashMap   295568 ops/s read 30
32  4 skewed     ccl::DHashMap   275914 ops/s read 31
32  4 skewed     concache::manual   461600 ops/s write 0
32  4 skewed     concache::manual   476000 ops/s write 1
32  4 skewed     concache::manual   493800 ops/s write 2
32  4 skewed     concache::manual   453598 ops/s write 3
32  4 skewed     concache::manual  2651434 ops/s read 0
32  4 skewed     concache::manual  3142613 ops/s read 1
32  4 skewed     concache::manual  2726266 ops/s read 2
32  4 skewed     concache::manual  2628429 ops/s read 3
32  4 skewed     concache::manual  3192627 ops/s read 4
32  4 skewed     concache::manual  2634831 ops/s read 5
32  4 skewed     concache::manual  2672029 ops/s read 6
32  4 skewed     concache::manual  2728668 ops/s read 7
32  4 skewed     concache::manual  2664036 ops/s read 8
32  4 skewed     concache::manual  2622819 ops/s read 9
32  4 skewed     concache::manual  2734256 ops/s read 10
32  4 skewed     concache::manual  3128809 ops/s read 11
32  4 skewed     concache::manual  2629628 ops/s read 12
32  4 skewed     concache::manual  2649834 ops/s read 13
32  4 skewed     concache::manual  2636839 ops/s read 14
32  4 skewed     concache::manual  2651638 ops/s read 15
32  4 skewed     concache::manual  2649633 ops/s read 16
32  4 skewed     concache::manual  3191222 ops/s read 17
32  4 skewed     concache::manual  2644838 ops/s read 18
32  4 skewed     concache::manual  2648035 ops/s read 19
32  4 skewed     concache::manual  2694406 ops/s read 20
32  4 skewed     concache::manual  2620427 ops/s read 21
32  4 skewed     concache::manual  2633642 ops/s read 22
32  4 skewed     concache::manual  2626834 ops/s read 23
32  4 skewed     concache::manual  2606618 ops/s read 24
32  4 skewed     concache::manual  2604221 ops/s read 25
32  4 skewed     concache::manual  2623034 ops/s read 26
32  4 skewed     concache::manual  2616232 ops/s read 27
32  4 skewed     concache::manual  2622026 ops/s read 28
32  4 skewed     concache::manual  2614027 ops/s read 29
32  4 skewed     concache::manual  2638436 ops/s read 30
32  4 skewed     concache::manual  2594223 ops/s read 31
